<?xml version="1.0" encoding="UTF-8"?>
<testsuite name="com.mycompany.springmvchibernate.JUnitTest.TestJacksonUnitTest" time="0.07" tests="3" errors="0" skipped="0" failures="0">
  <properties>
[...]
</properties>
  <testcase name="test" classname="com.mycompany.springmvchibernate.JUnitTest.TestJacksonUnitTest" time="0"/>
  <testcase name="testWhenDeserializeDateWithJackSon" classname="com.mycompany.springmvchibernate.JUnitTest.TestJacksonUnitTest" time="0.063"/>
  <testcase name="loadFile" classname="com.mycompany.springmvchibernate.JUnitTest.TestJacksonUnitTest" time="0.007"/>
</testsuite>