<?xml version="1.0" encoding="UTF-8"?>
<testsuite name="com.mycompany.springmvchibernate.JUnitTest.KhachHangRepositoryTest" time="0.009" tests="1" errors="1" skipped="0" failures="0">
  <properties>
[...]
</properties>
  <testcase name="insertSanPhamTest" classname="com.mycompany.springmvchibernate.JUnitTest.KhachHangRepositoryTest" time="0.009">
    <error message="Failed to load ApplicationContext" type="java.lang.IllegalStateException"><![CDATA[java.lang.IllegalStateException: Failed to load ApplicationContext
	at org.springframework.test.context.cache.DefaultCacheAwareContextLoaderDelegate.loadContext(DefaultCacheAwareContextLoaderDelegate.java:124)
	at org.springframework.test.context.support.DefaultTestContext.getApplicationContext(DefaultTestContext.java:83)
	at org.springframework.test.context.support.DependencyInjectionTestExecutionListener.injectDependencies(DependencyInjectionTestExecutionListener.java:117)
	at org.springframework.test.context.support.DependencyInjectionTestExecutionListener.prepareTestInstance(DependencyInjectionTestExecutionListener.java:83)
	at org.springframework.test.context.TestContextManager.prepareTestInstance(TestContextManager.java:230)
	at org.springframework.test.context.junit4.SpringJUnit4ClassRunner.createTest(SpringJUnit4ClassRunner.java:228)
	at org.springframework.test.context.junit4.SpringJUnit4ClassRunner$1.runReflectiveCall(SpringJUnit4ClassRunner.java:287)
	at org.junit.internal.runners.model.ReflectiveCallable.run(ReflectiveCallable.java:12)
	at org.springframework.test.context.junit4.SpringJUnit4ClassRunner.methodBlock(SpringJUnit4ClassRunner.java:289)
	at org.springframework.test.context.junit4.SpringJUnit4ClassRunner.runChild(SpringJUnit4ClassRunner.java:247)
	at org.springframework.test.context.junit4.SpringJUnit4ClassRunner.runChild(SpringJUnit4ClassRunner.java:94)
	at org.junit.runners.ParentRunner$4.run(ParentRunner.java:331)
	at org.junit.runners.ParentRunner$1.schedule(ParentRunner.java:79)
	at org.junit.runners.ParentRunner.runChildren(ParentRunner.java:329)
	at org.junit.runners.ParentRunner.access$100(ParentRunner.java:66)
	at org.junit.runners.ParentRunner$2.evaluate(ParentRunner.java:293)
	at org.springframework.test.context.junit4.statements.RunBeforeTestClassCallbacks.evaluate(RunBeforeTestClassCallbacks.java:61)
	at org.springframework.test.context.junit4.statements.RunAfterTestClassCallbacks.evaluate(RunAfterTestClassCallbacks.java:70)
	at org.junit.runners.ParentRunner$3.evaluate(ParentRunner.java:306)
	at org.junit.runners.ParentRunner.run(ParentRunner.java:413)
	at org.springframework.test.context.junit4.SpringJUnit4ClassRunner.run(SpringJUnit4ClassRunner.java:191)
	at org.apache.maven.surefire.junit4.JUnit4Provider.execute(JUnit4Provider.java:264)
	at org.apache.maven.surefire.junit4.JUnit4Provider.executeTestSet(JUnit4Provider.java:153)
	at org.apache.maven.surefire.junit4.JUnit4Provider.invoke(JUnit4Provider.java:124)
	at org.apache.maven.surefire.booter.ForkedBooter.invokeProviderInSameClassLoader(ForkedBooter.java:200)
	at org.apache.maven.surefire.booter.ForkedBooter.runSuitesInProcess(ForkedBooter.java:153)
	at org.apache.maven.surefire.booter.ForkedBooter.main(ForkedBooter.java:103)
Caused by: org.springframework.beans.factory.BeanCreationException: Error creating bean with name 'sanPhamRepository': Invocation of init method failed; nested exception is java.lang.IllegalArgumentException: Not an managed type: class com.mycompany.springmvchibernate.Entity.SanPham
	at org.springframework.beans.factory.support.AbstractAutowireCapableBeanFactory.initializeBean(AbstractAutowireCapableBeanFactory.java:1628)
	at org.springframework.beans.factory.support.AbstractAutowireCapableBeanFactory.doCreateBean(AbstractAutowireCapableBeanFactory.java:555)
	at org.springframework.beans.factory.support.AbstractAutowireCapableBeanFactory.createBean(AbstractAutowireCapableBeanFactory.java:483)
	at org.springframework.beans.factory.support.AbstractBeanFactory$1.getObject(AbstractBeanFactory.java:306)
	at org.springframework.beans.factory.support.DefaultSingletonBeanRegistry.getSingleton(DefaultSingletonBeanRegistry.java:230)
	at org.springframework.beans.factory.support.AbstractBeanFactory.doGetBean(AbstractBeanFactory.java:302)
	at org.springframework.beans.factory.support.AbstractBeanFactory.getBean(AbstractBeanFactory.java:197)
	at org.springframework.beans.factory.support.DefaultListableBeanFactory.preInstantiateSingletons(DefaultListableBeanFactory.java:742)
	at org.springframework.context.support.AbstractApplicationContext.finishBeanFactoryInitialization(AbstractApplicationContext.java:867)
	at org.springframework.context.support.AbstractApplicationContext.refresh(AbstractApplicationContext.java:543)
	at org.springframework.test.context.support.AbstractGenericContextLoader.loadContext(AbstractGenericContextLoader.java:128)
	at org.springframework.test.context.support.AbstractGenericContextLoader.loadContext(AbstractGenericContextLoader.java:60)
	at org.springframework.test.context.support.AbstractDelegatingSmartContextLoader.delegateLoading(AbstractDelegatingSmartContextLoader.java:108)
	at org.springframework.test.context.support.AbstractDelegatingSmartContextLoader.loadContext(AbstractDelegatingSmartContextLoader.java:251)
	at org.springframework.test.context.cache.DefaultCacheAwareContextLoaderDelegate.loadContextInternal(DefaultCacheAwareContextLoaderDelegate.java:98)
	at org.springframework.test.context.cache.DefaultCacheAwareContextLoaderDelegate.loadContext(DefaultCacheAwareContextLoaderDelegate.java:116)
	at org.springframework.test.context.support.DefaultTestContext.getApplicationContext(DefaultTestContext.java:83)
	at org.springframework.test.context.support.DependencyInjectionTestExecutionListener.injectDependencies(DependencyInjectionTestExecutionListener.java:117)
	at org.springframework.test.context.support.DependencyInjectionTestExecutionListener.prepareTestInstance(DependencyInjectionTestExecutionListener.java:83)
	at org.springframework.test.context.TestContextManager.prepareTestInstance(TestContextManager.java:230)
	at org.springframework.test.context.junit4.SpringJUnit4ClassRunner.createTest(SpringJUnit4ClassRunner.java:228)
	at org.springframework.test.context.junit4.SpringJUnit4ClassRunner$1.runReflectiveCall(SpringJUnit4ClassRunner.java:287)
	at org.junit.internal.runners.model.ReflectiveCallable.run(ReflectiveCallable.java:12)
	at org.springframework.test.context.junit4.SpringJUnit4ClassRunner.methodBlock(SpringJUnit4ClassRunner.java:289)
	at org.springframework.test.context.junit4.SpringJUnit4ClassRunner.runChild(SpringJUnit4ClassRunner.java:247)
	at org.springframework.test.context.junit4.SpringJUnit4ClassRunner.runChild(SpringJUnit4ClassRunner.java:94)
	at org.junit.runners.ParentRunner$4.run(ParentRunner.java:331)
	at org.junit.runners.ParentRunner$1.schedule(ParentRunner.java:79)
	at org.junit.runners.ParentRunner.runChildren(ParentRunner.java:329)
	at org.junit.runners.ParentRunner.access$100(ParentRunner.java:66)
	at org.junit.runners.ParentRunner$2.evaluate(ParentRunner.java:293)
	at org.springframework.test.context.junit4.statements.RunBeforeTestClassCallbacks.evaluate(RunBeforeTestClassCallbacks.java:61)
	at org.springframework.test.context.junit4.statements.RunAfterTestClassCallbacks.evaluate(RunAfterTestClassCallbacks.java:70)
	at org.junit.runners.ParentRunner$3.evaluate(ParentRunner.java:306)
	at org.junit.runners.ParentRunner.run(ParentRunner.java:413)
	at org.springframework.test.context.junit4.SpringJUnit4ClassRunner.run(SpringJUnit4ClassRunner.java:191)
	at org.apache.maven.surefire.junit4.JUnit4Provider.execute(JUnit4Provider.java:264)
	at org.apache.maven.surefire.junit4.JUnit4Provider.executeTestSet(JUnit4Provider.java:153)
	at org.apache.maven.surefire.junit4.JUnit4Provider.invoke(JUnit4Provider.java:124)
	at org.apache.maven.surefire.booter.ForkedBooter.invokeProviderInSameClassLoader(ForkedBooter.java:200)
	at org.apache.maven.surefire.booter.ForkedBooter.runSuitesInProcess(ForkedBooter.java:153)
	at org.apache.maven.surefire.booter.ForkedBooter.main(ForkedBooter.java:103)
Caused by: java.lang.IllegalArgumentException: Not an managed type: class com.mycompany.springmvchibernate.Entity.SanPham
	at org.hibernate.jpa.internal.metamodel.MetamodelImpl.managedType(MetamodelImpl.java:219)
	at org.springframework.data.jpa.repository.support.JpaMetamodelEntityInformation.<init>(JpaMetamodelEntityInformation.java:68)
	at org.springframework.data.jpa.repository.support.JpaEntityInformationSupport.getEntityInformation(JpaEntityInformationSupport.java:67)
	at org.springframework.data.jpa.repository.support.JpaRepositoryFactory.getEntityInformation(JpaRepositoryFactory.java:152)
	at org.springframework.data.jpa.repository.support.JpaRepositoryFactory.getTargetRepository(JpaRepositoryFactory.java:99)
	at org.springframework.data.jpa.repository.support.JpaRepositoryFactory.getTargetRepository(JpaRepositoryFactory.java:81)
	at org.springframework.data.repository.core.support.RepositoryFactorySupport.getRepository(RepositoryFactorySupport.java:199)
	at org.springframework.data.repository.core.support.RepositoryFactoryBeanSupport.initAndReturn(RepositoryFactoryBeanSupport.java:266)
	at org.springframework.data.repository.core.support.RepositoryFactoryBeanSupport.afterPropertiesSet(RepositoryFactoryBeanSupport.java:252)
	at org.springframework.data.jpa.repository.support.JpaRepositoryFactoryBean.afterPropertiesSet(JpaRepositoryFactoryBean.java:92)
	at org.springframework.beans.factory.support.AbstractAutowireCapableBeanFactory.invokeInitMethods(AbstractAutowireCapableBeanFactory.java:1687)
	at org.springframework.beans.factory.support.AbstractAutowireCapableBeanFactory.initializeBean(AbstractAutowireCapableBeanFactory.java:1624)
	at org.springframework.beans.factory.support.AbstractAutowireCapableBeanFactory.doCreateBean(AbstractAutowireCapableBeanFactory.java:555)
	at org.springframework.beans.factory.support.AbstractAutowireCapableBeanFactory.createBean(AbstractAutowireCapableBeanFactory.java:483)
	at org.springframework.beans.factory.support.AbstractBeanFactory$1.getObject(AbstractBeanFactory.java:306)
	at org.springframework.beans.factory.support.DefaultSingletonBeanRegistry.getSingleton(DefaultSingletonBeanRegistry.java:230)
	at org.springframework.beans.factory.support.AbstractBeanFactory.doGetBean(AbstractBeanFactory.java:302)
	at org.springframework.beans.factory.support.AbstractBeanFactory.getBean(AbstractBeanFactory.java:197)
	at org.springframework.beans.factory.support.DefaultListableBeanFactory.preInstantiateSingletons(DefaultListableBeanFactory.java:742)
	at org.springframework.context.support.AbstractApplicationContext.finishBeanFactoryInitialization(AbstractApplicationContext.java:867)
	at org.springframework.context.support.AbstractApplicationContext.refresh(AbstractApplicationContext.java:543)
	at org.springframework.test.context.support.AbstractGenericContextLoader.loadContext(AbstractGenericContextLoader.java:128)
	at org.springframework.test.context.support.AbstractGenericContextLoader.loadContext(AbstractGenericContextLoader.java:60)
	at org.springframework.test.context.support.AbstractDelegatingSmartContextLoader.delegateLoading(AbstractDelegatingSmartContextLoader.java:108)
	at org.springframework.test.context.support.AbstractDelegatingSmartContextLoader.loadContext(AbstractDelegatingSmartContextLoader.java:251)
	at org.springframework.test.context.cache.DefaultCacheAwareContextLoaderDelegate.loadContextInternal(DefaultCacheAwareContextLoaderDelegate.java:98)
	at org.springframework.test.context.cache.DefaultCacheAwareContextLoaderDelegate.loadContext(DefaultCacheAwareContextLoaderDelegate.java:116)
	at org.springframework.test.context.support.DefaultTestContext.getApplicationContext(DefaultTestContext.java:83)
	at org.springframework.test.context.support.DependencyInjectionTestExecutionListener.injectDependencies(DependencyInjectionTestExecutionListener.java:117)
	at org.springframework.test.context.support.DependencyInjectionTestExecutionListener.prepareTestInstance(DependencyInjectionTestExecutionListener.java:83)
	at org.springframework.test.context.TestContextManager.prepareTestInstance(TestContextManager.java:230)
	at org.springframework.test.context.junit4.SpringJUnit4ClassRunner.createTest(SpringJUnit4ClassRunner.java:228)
	at org.springframework.test.context.junit4.SpringJUnit4ClassRunner$1.runReflectiveCall(SpringJUnit4ClassRunner.java:287)
	at org.junit.internal.runners.model.ReflectiveCallable.run(ReflectiveCallable.java:12)
	at org.springframework.test.context.junit4.SpringJUnit4ClassRunner.methodBlock(SpringJUnit4ClassRunner.java:289)
	at org.springframework.test.context.junit4.SpringJUnit4ClassRunner.runChild(SpringJUnit4ClassRunner.java:247)
	at org.springframework.test.context.junit4.SpringJUnit4ClassRunner.runChild(SpringJUnit4ClassRunner.java:94)
	at org.junit.runners.ParentRunner$4.run(ParentRunner.java:331)
	at org.junit.runners.ParentRunner$1.schedule(ParentRunner.java:79)
	at org.junit.runners.ParentRunner.runChildren(ParentRunner.java:329)
	at org.junit.runners.ParentRunner.access$100(ParentRunner.java:66)
	at org.junit.runners.ParentRunner$2.evaluate(ParentRunner.java:293)
	at org.springframework.test.context.junit4.statements.RunBeforeTestClassCallbacks.evaluate(RunBeforeTestClassCallbacks.java:61)
	at org.springframework.test.context.junit4.statements.RunAfterTestClassCallbacks.evaluate(RunAfterTestClassCallbacks.java:70)
	at org.junit.runners.ParentRunner$3.evaluate(ParentRunner.java:306)
	at org.junit.runners.ParentRunner.run(ParentRunner.java:413)
	at org.springframework.test.context.junit4.SpringJUnit4ClassRunner.run(SpringJUnit4ClassRunner.java:191)
	at org.apache.maven.surefire.junit4.JUnit4Provider.execute(JUnit4Provider.java:264)
	at org.apache.maven.surefire.junit4.JUnit4Provider.executeTestSet(JUnit4Provider.java:153)
	at org.apache.maven.surefire.junit4.JUnit4Provider.invoke(JUnit4Provider.java:124)
	at org.apache.maven.surefire.booter.ForkedBooter.invokeProviderInSameClassLoader(ForkedBooter.java:200)
	at org.apache.maven.surefire.booter.ForkedBooter.runSuitesInProcess(ForkedBooter.java:153)
	at org.apache.maven.surefire.booter.ForkedBooter.main(ForkedBooter.java:103)
]]></error>
    <system-out><![CDATA[log4j: reset attribute= "false".
log4j: Threshold ="null".
log4j: Level value for root is  [DEBUG].
log4j: root level set to DEBUG
log4j: Class name: [org.apache.log4j.ConsoleAppender]
log4j: Setting property [target] to [System.out].
log4j: Parsing layout of class: "org.apache.log4j.PatternLayout"
log4j: Setting property [conversionPattern] to [%d{yyyy-MM-dd HH:mm:ss} %-5p %c{1}:%L - %m%n].
log4j: Adding appender named [console] to category [root].
log4j: Class name: [org.apache.log4j.RollingFileAppender]
log4j: Setting property [file] to [SpringHibernate.log].
log4j: Parsing layout of class: "org.apache.log4j.PatternLayout"
log4j: Setting property [conversionPattern] to [%d{yyyy-MM-dd HH:mm:ss} %-5p %c{1}:%L - %m%n].
log4j: setFile called: SpringHibernate.log, true
log4j: setFile ended
log4j: Adding appender named [fileAppender] to category [root].
2021-09-28 13:45:43 DEBUG SpringJUnit4ClassRunner:140 - SpringJUnit4ClassRunner constructor called with [class com.mycompany.springmvchibernate.JUnitTest.KhachHangRepositoryTest]
2021-09-28 13:45:43 DEBUG BootstrapUtils:95 - Instantiating CacheAwareContextLoaderDelegate from class [org.springframework.test.context.cache.DefaultCacheAwareContextLoaderDelegate]
2021-09-28 13:45:43 DEBUG BootstrapUtils:78 - Instantiating BootstrapContext using constructor [public org.springframework.test.context.support.DefaultBootstrapContext(java.lang.Class,org.springframework.test.context.CacheAwareContextLoaderDelegate)]
2021-09-28 13:45:43 DEBUG BootstrapUtils:131 - Instantiating TestContextBootstrapper for test class [com.mycompany.springmvchibernate.JUnitTest.KhachHangRepositoryTest] from class [org.springframework.test.context.support.DefaultTestContextBootstrapper]
2021-09-28 13:45:43 DEBUG AbstractDelegatingSmartContextLoader:96 - Delegating to GenericXmlContextLoader to process context configuration [ContextConfigurationAttributes@63753b6d declaringClass = 'com.mycompany.springmvchibernate.JUnitTest.KhachHangRepositoryTest', classes = '{}', locations = '{classpath:applicationContext-persistence-test.xml}', inheritLocations = true, initializers = '{}', inheritInitializers = true, name = [null], contextLoaderClass = 'org.springframework.test.context.ContextLoader'].
2021-09-28 13:45:43 DEBUG ActiveProfilesUtils:78 - Could not find an 'annotation declaring class' for annotation type [org.springframework.test.context.ActiveProfiles] and class [com.mycompany.springmvchibernate.JUnitTest.KhachHangRepositoryTest]
2021-09-28 13:45:43 DEBUG DefaultTestContextBootstrapper:132 - @TestExecutionListeners is not present for class [com.mycompany.springmvchibernate.JUnitTest.KhachHangRepositoryTest]: using defaults.
2021-09-28 13:45:43 INFO  DefaultTestContextBootstrapper:260 - Loaded default TestExecutionListener class names from location [META-INF/spring.factories]: [org.springframework.test.context.web.ServletTestExecutionListener, org.springframework.test.context.support.DirtiesContextBeforeModesTestExecutionListener, org.springframework.test.context.support.DependencyInjectionTestExecutionListener, org.springframework.test.context.support.DirtiesContextTestExecutionListener, org.springframework.test.context.transaction.TransactionalTestExecutionListener, org.springframework.test.context.jdbc.SqlScriptsTestExecutionListener]
2021-09-28 13:45:43 INFO  DefaultTestContextBootstrapper:187 - Using TestExecutionListeners: [org.springframework.test.context.web.ServletTestExecutionListener@3043fe0e, org.springframework.test.context.support.DirtiesContextBeforeModesTestExecutionListener@78e67e0a, org.springframework.test.context.support.DependencyInjectionTestExecutionListener@bd8db5a, org.springframework.test.context.support.DirtiesContextTestExecutionListener@2f943d71, org.springframework.test.context.transaction.TransactionalTestExecutionListener@80503, org.springframework.test.context.jdbc.SqlScriptsTestExecutionListener@4b553d26]
2021-09-28 13:45:43 DEBUG ProfileValueUtils:68 - Retrieved @ProfileValueSourceConfiguration [null] for test class [com.mycompany.springmvchibernate.JUnitTest.KhachHangRepositoryTest]
2021-09-28 13:45:43 DEBUG ProfileValueUtils:80 - Retrieved ProfileValueSource type [class org.springframework.test.annotation.SystemProfileValueSource] for class [com.mycompany.springmvchibernate.JUnitTest.KhachHangRepositoryTest]
2021-09-28 13:45:43 DEBUG ProfileValueUtils:68 - Retrieved @ProfileValueSourceConfiguration [null] for test class [com.mycompany.springmvchibernate.JUnitTest.KhachHangRepositoryTest]
2021-09-28 13:45:43 DEBUG ProfileValueUtils:80 - Retrieved ProfileValueSource type [class org.springframework.test.annotation.SystemProfileValueSource] for class [com.mycompany.springmvchibernate.JUnitTest.KhachHangRepositoryTest]
2021-09-28 13:45:43 DEBUG ProfileValueUtils:68 - Retrieved @ProfileValueSourceConfiguration [null] for test class [com.mycompany.springmvchibernate.JUnitTest.KhachHangRepositoryTest]
2021-09-28 13:45:43 DEBUG ProfileValueUtils:80 - Retrieved ProfileValueSource type [class org.springframework.test.annotation.SystemProfileValueSource] for class [com.mycompany.springmvchibernate.JUnitTest.KhachHangRepositoryTest]
2021-09-28 13:45:43 DEBUG ProfileValueUtils:68 - Retrieved @ProfileValueSourceConfiguration [null] for test class [com.mycompany.springmvchibernate.JUnitTest.KhachHangRepositoryTest]
2021-09-28 13:45:43 DEBUG ProfileValueUtils:80 - Retrieved ProfileValueSource type [class org.springframework.test.annotation.SystemProfileValueSource] for class [com.mycompany.springmvchibernate.JUnitTest.KhachHangRepositoryTest]
2021-09-28 13:45:43 DEBUG AbstractDirtiesContextTestExecutionListener:141 - Before test class: context [DefaultTestContext@687080dc testClass = KhachHangRepositoryTest, testInstance = [null], testMethod = [null], testException = [null], mergedContextConfiguration = [MergedContextConfiguration@23d2a7e8 testClass = KhachHangRepositoryTest, locations = '{classpath:applicationContext-persistence-test.xml}', classes = '{}', contextInitializerClasses = '[]', activeProfiles = '{}', propertySourceLocations = '{}', propertySourceProperties = '{}', contextCustomizers = set[[empty]], contextLoader = 'org.springframework.test.context.support.DelegatingSmartContextLoader', parent = [null]]], class annotated with @DirtiesContext [false] with mode [null].
2021-09-28 13:45:43 DEBUG ProfileValueUtils:68 - Retrieved @ProfileValueSourceConfiguration [null] for test class [com.mycompany.springmvchibernate.JUnitTest.KhachHangRepositoryTest]
2021-09-28 13:45:43 DEBUG ProfileValueUtils:80 - Retrieved ProfileValueSource type [class org.springframework.test.annotation.SystemProfileValueSource] for class [com.mycompany.springmvchibernate.JUnitTest.KhachHangRepositoryTest]
2021-09-28 13:45:43 DEBUG DependencyInjectionTestExecutionListener:81 - Performing dependency injection for test context [[DefaultTestContext@687080dc testClass = KhachHangRepositoryTest, testInstance = com.mycompany.springmvchibernate.JUnitTest.KhachHangRepositoryTest@cb51256, testMethod = [null], testException = [null], mergedContextConfiguration = [MergedContextConfiguration@23d2a7e8 testClass = KhachHangRepositoryTest, locations = '{classpath:applicationContext-persistence-test.xml}', classes = '{}', contextInitializerClasses = '[]', activeProfiles = '{}', propertySourceLocations = '{}', propertySourceProperties = '{}', contextCustomizers = set[[empty]], contextLoader = 'org.springframework.test.context.support.DelegatingSmartContextLoader', parent = [null]]]].
2021-09-28 13:45:43 DEBUG AbstractDelegatingSmartContextLoader:106 - Delegating to GenericXmlContextLoader to load context from [MergedContextConfiguration@23d2a7e8 testClass = KhachHangRepositoryTest, locations = '{classpath:applicationContext-persistence-test.xml}', classes = '{}', contextInitializerClasses = '[]', activeProfiles = '{}', propertySourceLocations = '{}', propertySourceProperties = '{}', contextCustomizers = set[[empty]], contextLoader = 'org.springframework.test.context.support.DelegatingSmartContextLoader', parent = [null]].
2021-09-28 13:45:43 DEBUG AbstractGenericContextLoader:109 - Loading ApplicationContext for merged context configuration [[MergedContextConfiguration@23d2a7e8 testClass = KhachHangRepositoryTest, locations = '{classpath:applicationContext-persistence-test.xml}', classes = '{}', contextInitializerClasses = '[]', activeProfiles = '{}', propertySourceLocations = '{}', propertySourceProperties = '{}', contextCustomizers = set[[empty]], contextLoader = 'org.springframework.test.context.support.DelegatingSmartContextLoader', parent = [null]]].
2021-09-28 13:45:43 DEBUG StandardEnvironment:106 - Adding PropertySource 'systemProperties' with lowest search precedence
2021-09-28 13:45:43 DEBUG StandardEnvironment:106 - Adding PropertySource 'systemEnvironment' with lowest search precedence
2021-09-28 13:45:43 DEBUG StandardEnvironment:124 - Initialized StandardEnvironment with PropertySources [MapPropertySource@336484883 {name='systemProperties', properties={java.runtime.name=Java(TM) SE Runtime Environment, sun.boot.library.path=C:\Program Files\Java\jdk1.8.0_241\jre\bin, java.vm.version=25.241-b07, user.country.format=VN, java.vm.vendor=Oracle Corporation, java.vendor.url=http://java.oracle.com/, path.separator=;, java.vm.name=Java HotSpot(TM) 64-Bit Server VM, file.encoding.pkg=sun.io, user.country=US, user.script=, sun.java.launcher=SUN_STANDARD, sun.os.patch.level=, java.vm.specification.name=Java Virtual Machine Specification, user.dir=E:\BT-JAVA-WEB\SpringMVCHibernate, java.runtime.version=1.8.0_241-b07, basedir=E:\BT-JAVA-WEB\SpringMVCHibernate, java.awt.graphicsenv=sun.awt.Win32GraphicsEnvironment, java.endorsed.dirs=C:\Program Files\Java\jdk1.8.0_241\jre\lib\endorsed, os.arch=amd64, surefire.real.class.path=E:\BT-JAVA-WEB\SpringMVCHibernate\target\surefire\surefirebooter6821871679518693960.jar, java.io.tmpdir=C:\Users\MinhTo\AppData\Local\Temp\, line.separator=
, java.vm.specification.vendor=Oracle Corporation, user.variant=, os.name=Windows 10, sun.jnu.encoding=Cp1252, java.library.path=C:\Program Files\Java\jdk1.8.0_241\jre\bin;C:\WINDOWS\Sun\Java\bin;C:\WINDOWS\system32;C:\WINDOWS;C:/Program Files/Java/jdk1.8.0_241/bin/../jre/bin/server;C:/Program Files/Java/jdk1.8.0_241/bin/../jre/bin;C:/Program Files/Java/jdk1.8.0_241/bin/../jre/lib/amd64;C:\WINDOWS\system32;C:\WINDOWS;C:\Program Files (x86)\Common Files\Oracle\Java\javapath;C:\ProgramData\Oracle\Java\javapath;C:\Program Files\Java\jdk1.8.0_241\bin;E:\java wed\apache-maven-3.6.0\bin;C:\Program Files\Microsoft JDBC Driver 8.4 for SQL Server\sqljdbc_8.4\enu\mssql-jdbc-8.4.1.jre11.jar;C:\Program Files (x86)\Microsoft SQL Server\150\Tools\Binn\;C:\Program Files\Microsoft SQL Server\150\Tools\Binn\;C:\Program Files (x86)\Microsoft SQL Server\150\DTS\Binn\;C:\Program Files\Microsoft SQL Server\150\DTS\Binn\;C:\Program Files\Microsoft SQL Server\Client SDK\ODBC\170\Tools\Binn\;C:\Users\MinhTo\GlassFish_Server\glassfish\bin;\cygdrive\C\Program Files\Java\jdk1.8.0_241\bin;C:\Program Files\Java\jdk1.8.0_241\lib;C:\Program Files\Java\jre1.8.0_241\lib;C:\Program Files\Java\jre1.8.0_241\bin;C:\cygwin64\bin;C:\Users\MinhTo\GlassFish_Server\glassfish\lib\javaee.jar;C:\Program Files\NVIDIA Corporation\NVIDIA NvDLISR;C:\Program Files\dotnet\;E:\Program Files\Git\cmd;C:\Program Files\Microsoft SQL Server\Client SDK\ODBC\110\Tools\Binn\;C:\Program Files (x86)\Microsoft SQL Server\120\Tools\Binn\;C:\Program Files\Microsoft SQL Server\120\Tools\Binn\;C:\Program Files\Microsoft SQL Server\120\DTS\Binn\;E:\TOMCAT\apache-tomcat-8.5.70\bin;C:\Program Files\nodejs;C:\Program Files\Java\jdk1.8.0_241\bin;C:\Users\MinhTo\AppData\Local\Microsoft\WindowsApps;C:\Users\MinhTo\AppData\Local\Programs\Microsoft VS Code\bin;C:\Users\MinhTo\AppData\Roaming\npm;C:\Program Files\Microsoft JDBC Driver 8.4 for SQL Server\sqljdbc_8.4\enu\mssql-jdbc-8.4.1.jre11.jar;\cygdrive\C\Program Files\Java\jdk1.8.0_241\bin;C:\Users\MinhTo\GlassFish_Server\glassfish\lib\javaee.jar;C:\Program Files\Java\jdk1.8.0_241\lib;C:\Users\MinhTo\AppData\Local\GitHubDesktop\bin;d:\openpose\anaconda3\lib;C:\Users\MinhTo\AppData\Roaming\Python\Python38;D:\OpenPose\anaconda3\Library\bin;D:\OpenPose\anaconda3\Lib;C:\Program Files\nodejs;;E:\java wed\eclipse-jee-2018-09-win32-x86_64\eclipse;;., surefire.test.class.path=E:\BT-JAVA-WEB\SpringMVCHibernate\target\test-classes;E:\BT-JAVA-WEB\SpringMVCHibernate\target\classes;C:\Users\MinhTo\.m2\repository\org\apache\struts\struts-el\1.3.10\struts-el-1.3.10.jar;C:\Users\MinhTo\.m2\repository\org\apache\struts\struts-core\1.3.10\struts-core-1.3.10.jar;C:\Users\MinhTo\.m2\repository\commons-beanutils\commons-beanutils\1.8.0\commons-beanutils-1.8.0.jar;C:\Users\MinhTo\.m2\repository\commons-chain\commons-chain\1.2\commons-chain-1.2.jar;C:\Users\MinhTo\.m2\repository\commons-validator\commons-validator\1.3.1\commons-validator-1.3.1.jar;C:\Users\MinhTo\.m2\repository\oro\oro\2.0.8\oro-2.0.8.jar;C:\Users\MinhTo\.m2\repository\org\apache\struts\struts-extras\1.3.10\struts-extras-1.3.10.jar;C:\Users\MinhTo\.m2\repository\org\apache\struts\struts-faces\1.3.10\struts-faces-1.3.10.jar;C:\Users\MinhTo\.m2\repository\org\apache\struts\struts-mailreader-dao\1.3.10\struts-mailreader-dao-1.3.10.jar;C:\Users\MinhTo\.m2\repository\commons-digester\commons-digester\1.8\commons-digester-1.8.jar;C:\Users\MinhTo\.m2\repository\commons-logging\commons-logging\1.0.4\commons-logging-1.0.4.jar;C:\Users\MinhTo\.m2\repository\org\apache\struts\struts-scripting\1.3.10\struts-scripting-1.3.10.jar;C:\Users\MinhTo\.m2\repository\bsf\bsf\2.3.0\bsf-2.3.0.jar;C:\Users\MinhTo\.m2\repository\org\apache\struts\struts-taglib\1.3.10\struts-taglib-1.3.10.jar;C:\Users\MinhTo\.m2\repository\org\apache\struts\struts-tiles\1.3.10\struts-tiles-1.3.10.jar;C:\Users\MinhTo\.m2\repository\opensymphony\sitemesh\2.4.2\sitemesh-2.4.2.jar;C:\Users\MinhTo\.m2\repository\org\eclipse\persistence\org.eclipse.persistence.core\2.7.7\org.eclipse.persistence.core-2.7.7.jar;C:\Users\MinhTo\.m2\repository\org\eclipse\persistence\org.eclipse.persistence.asm\2.7.7\org.eclipse.persistence.asm-2.7.7.jar;C:\Users\MinhTo\.m2\repository\org\eclipse\persistence\org.eclipse.persistence.antlr\2.7.7\org.eclipse.persistence.antlr-2.7.7.jar;C:\Users\MinhTo\.m2\repository\org\eclipse\persistence\org.eclipse.persistence.jpa\2.7.7\org.eclipse.persistence.jpa-2.7.7.jar;C:\Users\MinhTo\.m2\repository\org\eclipse\persistence\jakarta.persistence\2.2.3\jakarta.persistence-2.2.3.jar;C:\Users\MinhTo\.m2\repository\org\eclipse\persistence\org.eclipse.persistence.jpa.jpql\2.7.7\org.eclipse.persistence.jpa.jpql-2.7.7.jar;C:\Users\MinhTo\.m2\repository\org\eclipse\persistence\org.eclipse.persistence.moxy\2.7.7\org.eclipse.persistence.moxy-2.7.7.jar;C:\Users\MinhTo\.m2\repository\org\eclipse\persistence\javax.persistence\2.2.1\javax.persistence-2.2.1.jar;C:\Users\MinhTo\.m2\repository\javax\javaee-api\8.0\javaee-api-8.0.jar;C:\Users\MinhTo\.m2\repository\com\sun\mail\javax.mail\1.6.0\javax.mail-1.6.0.jar;C:\Users\MinhTo\.m2\repository\javax\activation\activation\1.1\activation-1.1.jar;C:\Users\MinhTo\.m2\repository\org\springframework\spring-beans\4.3.13.RELEASE\spring-beans-4.3.13.RELEASE.jar;C:\Users\MinhTo\.m2\repository\org\springframework\spring-expression\4.3.13.RELEASE\spring-expression-4.3.13.RELEASE.jar;C:\Users\MinhTo\.m2\repository\org\springframework\spring-core\4.3.13.RELEASE\spring-core-4.3.13.RELEASE.jar;C:\Users\MinhTo\.m2\repository\org\springframework\spring-web\4.3.13.RELEASE\spring-web-4.3.13.RELEASE.jar;C:\Users\MinhTo\.m2\repository\org\springframework\spring-aop\4.3.13.RELEASE\spring-aop-4.3.13.RELEASE.jar;C:\Users\MinhTo\.m2\repository\org\springframework\spring-webmvc\4.3.13.RELEASE\spring-webmvc-4.3.13.RELEASE.jar;C:\Users\MinhTo\.m2\repository\org\springframework\spring-tx\4.3.13.RELEASE\spring-tx-4.3.13.RELEASE.jar;C:\Users\MinhTo\.m2\repository\org\springframework\spring-orm\4.3.13.RELEASE\spring-orm-4.3.13.RELEASE.jar;C:\Users\MinhTo\.m2\repository\org\springframework\spring-jdbc\4.3.13.RELEASE\spring-jdbc-4.3.13.RELEASE.jar;C:\Users\MinhTo\.m2\repository\org\springframework\spring-context\4.3.13.RELEASE\spring-context-4.3.13.RELEASE.jar;C:\Users\MinhTo\.m2\repository\org\springframework\spring-context-support\4.3.13.RELEASE\spring-context-support-4.3.13.RELEASE.jar;C:\Users\MinhTo\.m2\repository\org\springframework\spring-test\4.3.13.RELEASE\spring-test-4.3.13.RELEASE.jar;C:\Users\MinhTo\.m2\repository\org\springframework\data\spring-data-jpa\1.10.2.RELEASE\spring-data-jpa-1.10.2.RELEASE.jar;C:\Users\MinhTo\.m2\repository\org\springframework\data\spring-data-commons\1.12.2.RELEASE\spring-data-commons-1.12.2.RELEASE.jar;C:\Users\MinhTo\.m2\repository\org\aspectj\aspectjrt\1.8.9\aspectjrt-1.8.9.jar;C:\Users\MinhTo\.m2\repository\org\springframework\security\spring-security-web\4.0.2.RELEASE\spring-security-web-4.0.2.RELEASE.jar;C:\Users\MinhTo\.m2\repository\aopalliance\aopalliance\1.0\aopalliance-1.0.jar;C:\Users\MinhTo\.m2\repository\org\springframework\security\spring-security-core\4.0.2.RELEASE\spring-security-core-4.0.2.RELEASE.jar;C:\Users\MinhTo\.m2\repository\org\springframework\security\spring-security-acl\4.0.2.RELEASE\spring-security-acl-4.0.2.RELEASE.jar;C:\Users\MinhTo\.m2\repository\org\springframework\security\spring-security-config\4.0.2.RELEASE\spring-security-config-4.0.2.RELEASE.jar;C:\Users\MinhTo\.m2\repository\org\springframework\security\spring-security-taglibs\4.0.2.RELEASE\spring-security-taglibs-4.0.2.RELEASE.jar;C:\Users\MinhTo\.m2\repository\org\springframework\security\spring-security-oauth2-authorization-server\0.2.0\spring-security-oauth2-authorization-server-0.2.0.jar;C:\Users\MinhTo\.m2\repository\com\nimbusds\nimbus-jose-jwt\9.10.1\nimbus-jose-jwt-9.10.1.jar;C:\Users\MinhTo\.m2\repository\com\github\stephenc\jcip\jcip-annotations\1.0-1\jcip-annotations-1.0-1.jar;C:\Users\MinhTo\.m2\repository\org\springframework\security\spring-security-oauth2-core\5.5.2\spring-security-oauth2-core-5.5.2.jar;C:\Users\MinhTo\.m2\repository\org\springframework\security\spring-security-oauth2-jose\5.5.2\spring-security-oauth2-jose-5.5.2.jar;C:\Users\MinhTo\.m2\repository\org\springframework\security\spring-security-oauth2-resource-server\5.5.2\spring-security-oauth2-resource-server-5.5.2.jar;C:\Users\MinhTo\.m2\repository\javax\servlet\javax.servlet-api\3.0.1\javax.servlet-api-3.0.1.jar;C:\Users\MinhTo\.m2\repository\org\springframework\spring-aspects\4.3.13.RELEASE\spring-aspects-4.3.13.RELEASE.jar;C:\Users\MinhTo\.m2\repository\org\aspectj\aspectjweaver\1.8.9\aspectjweaver-1.8.9.jar;C:\Users\MinhTo\.m2\repository\javax\servlet\jsp\javax.servlet.jsp-api\2.3.1\javax.servlet.jsp-api-2.3.1.jar;C:\Users\MinhTo\.m2\repository\javax\servlet\jstl\1.2\jstl-1.2.jar;C:\Users\MinhTo\.m2\repository\taglibs\standard\1.1.2\standard-1.1.2.jar;C:\Users\MinhTo\.m2\repository\javax\faces\javax.faces-api\2.3\javax.faces-api-2.3.jar;C:\Users\MinhTo\.m2\repository\org\hibernate\hibernate-core\4.3.6.Final\hibernate-core-4.3.6.Final.jar;C:\Users\MinhTo\.m2\repository\org\jboss\logging\jboss-logging\3.1.3.GA\jboss-logging-3.1.3.GA.jar;C:\Users\MinhTo\.m2\repository\org\jboss\logging\jboss-logging-annotations\1.2.0.Beta1\jboss-logging-annotations-1.2.0.Beta1.jar;C:\Users\MinhTo\.m2\repository\org\jboss\spec\javax\transaction\jboss-transaction-api_1.2_spec\1.0.0.Final\jboss-transaction-api_1.2_spec-1.0.0.Final.jar;C:\Users\MinhTo\.m2\repository\dom4j\dom4j\1.6.1\dom4j-1.6.1.jar;C:\Users\MinhTo\.m2\repository\xml-apis\xml-apis\1.0.b2\xml-apis-1.0.b2.jar;C:\Users\MinhTo\.m2\repository\org\hibernate\common\hibernate-commons-annotations\4.0.5.Final\hibernate-commons-annotations-4.0.5.Final.jar;C:\Users\MinhTo\.m2\repository\org\javassist\javassist\3.18.1-GA\javassist-3.18.1-GA.jar;C:\Users\MinhTo\.m2\repository\antlr\antlr\2.7.7\antlr-2.7.7.jar;C:\Users\MinhTo\.m2\repository\org\jboss\jandex\1.1.0.Final\jandex-1.1.0.Final.jar;C:\Users\MinhTo\.m2\repository\org\hibernate\hibernate-entitymanager\4.3.6.Final\hibernate-entitymanager-4.3.6.Final.jar;C:\Users\MinhTo\.m2\repository\org\hibernate\javax\persistence\hibernate-jpa-2.1-api\1.0.0.Final\hibernate-jpa-2.1-api-1.0.0.Final.jar;C:\Users\MinhTo\.m2\repository\org\slf4j\slf4j-api\1.7.5\slf4j-api-1.7.5.jar;C:\Users\MinhTo\.m2\repository\org\slf4j\jcl-over-slf4j\1.7.5\jcl-over-slf4j-1.7.5.jar;C:\Users\MinhTo\.m2\repository\org\slf4j\slf4j-log4j12\1.7.5\slf4j-log4j12-1.7.5.jar;C:\Users\MinhTo\.m2\repository\log4j\log4j\1.2.15\log4j-1.2.15.jar;C:\Users\MinhTo\.m2\repository\com\fasterxml\jackson\core\jackson-core\2.9.6\jackson-core-2.9.6.jar;C:\Users\MinhTo\.m2\repository\com\fasterxml\jackson\core\jackson-annotations\2.9.6\jackson-annotations-2.9.6.jar;C:\Users\MinhTo\.m2\repository\com\fasterxml\jackson\core\jackson-databind\2.9.6\jackson-databind-2.9.6.jar;C:\Users\MinhTo\.m2\repository\commons-dbcp\commons-dbcp\1.4\commons-dbcp-1.4.jar;C:\Users\MinhTo\.m2\repository\commons-pool\commons-pool\1.5.4\commons-pool-1.5.4.jar;C:\Users\MinhTo\.m2\repository\org\modelmapper\modelmapper\2.3.5\modelmapper-2.3.5.jar;C:\Users\MinhTo\.m2\repository\javax\xml\bind\jaxb-api\2.3.1\jaxb-api-2.3.1.jar;C:\Users\MinhTo\.m2\repository\javax\activation\javax.activation-api\1.2.0\javax.activation-api-1.2.0.jar;C:\Users\MinhTo\.m2\repository\org\hibernate\hibernate-jpamodelgen\5.3.2.Final\hibernate-jpamodelgen-5.3.2.Final.jar;C:\Users\MinhTo\.m2\repository\org\mockito\mockito-core\3.11.2\mockito-core-3.11.2.jar;C:\Users\MinhTo\.m2\repository\net\bytebuddy\byte-buddy\1.11.3\byte-buddy-1.11.3.jar;C:\Users\MinhTo\.m2\repository\net\bytebuddy\byte-buddy-agent\1.11.3\byte-buddy-agent-1.11.3.jar;C:\Users\MinhTo\.m2\repository\org\objenesis\objenesis\3.2\objenesis-3.2.jar;C:\Users\MinhTo\.m2\repository\org\mockito\mockito-junit-jupiter\3.2.4\mockito-junit-jupiter-3.2.4.jar;C:\Users\MinhTo\.m2\repository\org\junit\jupiter\junit-jupiter-api\5.4.2\junit-jupiter-api-5.4.2.jar;C:\Users\MinhTo\.m2\repository\org\apiguardian\apiguardian-api\1.0.0\apiguardian-api-1.0.0.jar;C:\Users\MinhTo\.m2\repository\org\opentest4j\opentest4j\1.1.1\opentest4j-1.1.1.jar;C:\Users\MinhTo\.m2\repository\org\junit\platform\junit-platform-commons\1.4.2\junit-platform-commons-1.4.2.jar;C:\Users\MinhTo\.m2\repository\junit\junit\4.13.2\junit-4.13.2.jar;C:\Users\MinhTo\.m2\repository\org\hamcrest\hamcrest-all\1.3\hamcrest-all-1.3.jar;C:\Users\MinhTo\.m2\repository\com\microsoft\sqlserver\mssql-jdbc\7.4.1.jre8\mssql-jdbc-7.4.1.jre8.jar;C:\Users\MinhTo\.m2\repository\org\hibernate\hibernate-java8\5.0.7.Final\hibernate-java8-5.0.7.Final.jar;, java.specification.name=Java Platform API Specification, java.class.version=52.0, sun.management.compiler=HotSpot 64-Bit Tiered Compilers, os.version=10.0, user.home=C:\Users\MinhTo, user.timezone=Asia/Bangkok, java.awt.printerjob=sun.awt.windows.WPrinterJob, file.encoding=Cp1252, java.specification.version=1.8, java.class.path=E:\BT-JAVA-WEB\SpringMVCHibernate\target\test-classes;E:\BT-JAVA-WEB\SpringMVCHibernate\target\classes;C:\Users\MinhTo\.m2\repository\org\apache\struts\struts-el\1.3.10\struts-el-1.3.10.jar;C:\Users\MinhTo\.m2\repository\org\apache\struts\struts-core\1.3.10\struts-core-1.3.10.jar;C:\Users\MinhTo\.m2\repository\commons-beanutils\commons-beanutils\1.8.0\commons-beanutils-1.8.0.jar;C:\Users\MinhTo\.m2\repository\commons-chain\commons-chain\1.2\commons-chain-1.2.jar;C:\Users\MinhTo\.m2\repository\commons-validator\commons-validator\1.3.1\commons-validator-1.3.1.jar;C:\Users\MinhTo\.m2\repository\oro\oro\2.0.8\oro-2.0.8.jar;C:\Users\MinhTo\.m2\repository\org\apache\struts\struts-extras\1.3.10\struts-extras-1.3.10.jar;C:\Users\MinhTo\.m2\repository\org\apache\struts\struts-faces\1.3.10\struts-faces-1.3.10.jar;C:\Users\MinhTo\.m2\repository\org\apache\struts\struts-mailreader-dao\1.3.10\struts-mailreader-dao-1.3.10.jar;C:\Users\MinhTo\.m2\repository\commons-digester\commons-digester\1.8\commons-digester-1.8.jar;C:\Users\MinhTo\.m2\repository\commons-logging\commons-logging\1.0.4\commons-logging-1.0.4.jar;C:\Users\MinhTo\.m2\repository\org\apache\struts\struts-scripting\1.3.10\struts-scripting-1.3.10.jar;C:\Users\MinhTo\.m2\repository\bsf\bsf\2.3.0\bsf-2.3.0.jar;C:\Users\MinhTo\.m2\repository\org\apache\struts\struts-taglib\1.3.10\struts-taglib-1.3.10.jar;C:\Users\MinhTo\.m2\repository\org\apache\struts\struts-tiles\1.3.10\struts-tiles-1.3.10.jar;C:\Users\MinhTo\.m2\repository\opensymphony\sitemesh\2.4.2\sitemesh-2.4.2.jar;C:\Users\MinhTo\.m2\repository\org\eclipse\persistence\org.eclipse.persistence.core\2.7.7\org.eclipse.persistence.core-2.7.7.jar;C:\Users\MinhTo\.m2\repository\org\eclipse\persistence\org.eclipse.persistence.asm\2.7.7\org.eclipse.persistence.asm-2.7.7.jar;C:\Users\MinhTo\.m2\repository\org\eclipse\persistence\org.eclipse.persistence.antlr\2.7.7\org.eclipse.persistence.antlr-2.7.7.jar;C:\Users\MinhTo\.m2\repository\org\eclipse\persistence\org.eclipse.persistence.jpa\2.7.7\org.eclipse.persistence.jpa-2.7.7.jar;C:\Users\MinhTo\.m2\repository\org\eclipse\persistence\jakarta.persistence\2.2.3\jakarta.persistence-2.2.3.jar;C:\Users\MinhTo\.m2\repository\org\eclipse\persistence\org.eclipse.persistence.jpa.jpql\2.7.7\org.eclipse.persistence.jpa.jpql-2.7.7.jar;C:\Users\MinhTo\.m2\repository\org\eclipse\persistence\org.eclipse.persistence.moxy\2.7.7\org.eclipse.persistence.moxy-2.7.7.jar;C:\Users\MinhTo\.m2\repository\org\eclipse\persistence\javax.persistence\2.2.1\javax.persistence-2.2.1.jar;C:\Users\MinhTo\.m2\repository\javax\javaee-api\8.0\javaee-api-8.0.jar;C:\Users\MinhTo\.m2\repository\com\sun\mail\javax.mail\1.6.0\javax.mail-1.6.0.jar;C:\Users\MinhTo\.m2\repository\javax\activation\activation\1.1\activation-1.1.jar;C:\Users\MinhTo\.m2\repository\org\springframework\spring-beans\4.3.13.RELEASE\spring-beans-4.3.13.RELEASE.jar;C:\Users\MinhTo\.m2\repository\org\springframework\spring-expression\4.3.13.RELEASE\spring-expression-4.3.13.RELEASE.jar;C:\Users\MinhTo\.m2\repository\org\springframework\spring-core\4.3.13.RELEASE\spring-core-4.3.13.RELEASE.jar;C:\Users\MinhTo\.m2\repository\org\springframework\spring-web\4.3.13.RELEASE\spring-web-4.3.13.RELEASE.jar;C:\Users\MinhTo\.m2\repository\org\springframework\spring-aop\4.3.13.RELEASE\spring-aop-4.3.13.RELEASE.jar;C:\Users\MinhTo\.m2\repository\org\springframework\spring-webmvc\4.3.13.RELEASE\spring-webmvc-4.3.13.RELEASE.jar;C:\Users\MinhTo\.m2\repository\org\springframework\spring-tx\4.3.13.RELEASE\spring-tx-4.3.13.RELEASE.jar;C:\Users\MinhTo\.m2\repository\org\springframework\spring-orm\4.3.13.RELEASE\spring-orm-4.3.13.RELEASE.jar;C:\Users\MinhTo\.m2\repository\org\springframework\spring-jdbc\4.3.13.RELEASE\spring-jdbc-4.3.13.RELEASE.jar;C:\Users\MinhTo\.m2\repository\org\springframework\spring-context\4.3.13.RELEASE\spring-context-4.3.13.RELEASE.jar;C:\Users\MinhTo\.m2\repository\org\springframework\spring-context-support\4.3.13.RELEASE\spring-context-support-4.3.13.RELEASE.jar;C:\Users\MinhTo\.m2\repository\org\springframework\spring-test\4.3.13.RELEASE\spring-test-4.3.13.RELEASE.jar;C:\Users\MinhTo\.m2\repository\org\springframework\data\spring-data-jpa\1.10.2.RELEASE\spring-data-jpa-1.10.2.RELEASE.jar;C:\Users\MinhTo\.m2\repository\org\springframework\data\spring-data-commons\1.12.2.RELEASE\spring-data-commons-1.12.2.RELEASE.jar;C:\Users\MinhTo\.m2\repository\org\aspectj\aspectjrt\1.8.9\aspectjrt-1.8.9.jar;C:\Users\MinhTo\.m2\repository\org\springframework\security\spring-security-web\4.0.2.RELEASE\spring-security-web-4.0.2.RELEASE.jar;C:\Users\MinhTo\.m2\repository\aopalliance\aopalliance\1.0\aopalliance-1.0.jar;C:\Users\MinhTo\.m2\repository\org\springframework\security\spring-security-core\4.0.2.RELEASE\spring-security-core-4.0.2.RELEASE.jar;C:\Users\MinhTo\.m2\repository\org\springframework\security\spring-security-acl\4.0.2.RELEASE\spring-security-acl-4.0.2.RELEASE.jar;C:\Users\MinhTo\.m2\repository\org\springframework\security\spring-security-config\4.0.2.RELEASE\spring-security-config-4.0.2.RELEASE.jar;C:\Users\MinhTo\.m2\repository\org\springframework\security\spring-security-taglibs\4.0.2.RELEASE\spring-security-taglibs-4.0.2.RELEASE.jar;C:\Users\MinhTo\.m2\repository\org\springframework\security\spring-security-oauth2-authorization-server\0.2.0\spring-security-oauth2-authorization-server-0.2.0.jar;C:\Users\MinhTo\.m2\repository\com\nimbusds\nimbus-jose-jwt\9.10.1\nimbus-jose-jwt-9.10.1.jar;C:\Users\MinhTo\.m2\repository\com\github\stephenc\jcip\jcip-annotations\1.0-1\jcip-annotations-1.0-1.jar;C:\Users\MinhTo\.m2\repository\org\springframework\security\spring-security-oauth2-core\5.5.2\spring-security-oauth2-core-5.5.2.jar;C:\Users\MinhTo\.m2\repository\org\springframework\security\spring-security-oauth2-jose\5.5.2\spring-security-oauth2-jose-5.5.2.jar;C:\Users\MinhTo\.m2\repository\org\springframework\security\spring-security-oauth2-resource-server\5.5.2\spring-security-oauth2-resource-server-5.5.2.jar;C:\Users\MinhTo\.m2\repository\javax\servlet\javax.servlet-api\3.0.1\javax.servlet-api-3.0.1.jar;C:\Users\MinhTo\.m2\repository\org\springframework\spring-aspects\4.3.13.RELEASE\spring-aspects-4.3.13.RELEASE.jar;C:\Users\MinhTo\.m2\repository\org\aspectj\aspectjweaver\1.8.9\aspectjweaver-1.8.9.jar;C:\Users\MinhTo\.m2\repository\javax\servlet\jsp\javax.servlet.jsp-api\2.3.1\javax.servlet.jsp-api-2.3.1.jar;C:\Users\MinhTo\.m2\repository\javax\servlet\jstl\1.2\jstl-1.2.jar;C:\Users\MinhTo\.m2\repository\taglibs\standard\1.1.2\standard-1.1.2.jar;C:\Users\MinhTo\.m2\repository\javax\faces\javax.faces-api\2.3\javax.faces-api-2.3.jar;C:\Users\MinhTo\.m2\repository\org\hibernate\hibernate-core\4.3.6.Final\hibernate-core-4.3.6.Final.jar;C:\Users\MinhTo\.m2\repository\org\jboss\logging\jboss-logging\3.1.3.GA\jboss-logging-3.1.3.GA.jar;C:\Users\MinhTo\.m2\repository\org\jboss\logging\jboss-logging-annotations\1.2.0.Beta1\jboss-logging-annotations-1.2.0.Beta1.jar;C:\Users\MinhTo\.m2\repository\org\jboss\spec\javax\transaction\jboss-transaction-api_1.2_spec\1.0.0.Final\jboss-transaction-api_1.2_spec-1.0.0.Final.jar;C:\Users\MinhTo\.m2\repository\dom4j\dom4j\1.6.1\dom4j-1.6.1.jar;C:\Users\MinhTo\.m2\repository\xml-apis\xml-apis\1.0.b2\xml-apis-1.0.b2.jar;C:\Users\MinhTo\.m2\repository\org\hibernate\common\hibernate-commons-annotations\4.0.5.Final\hibernate-commons-annotations-4.0.5.Final.jar;C:\Users\MinhTo\.m2\repository\org\javassist\javassist\3.18.1-GA\javassist-3.18.1-GA.jar;C:\Users\MinhTo\.m2\repository\antlr\antlr\2.7.7\antlr-2.7.7.jar;C:\Users\MinhTo\.m2\repository\org\jboss\jandex\1.1.0.Final\jandex-1.1.0.Final.jar;C:\Users\MinhTo\.m2\repository\org\hibernate\hibernate-entitymanager\4.3.6.Final\hibernate-entitymanager-4.3.6.Final.jar;C:\Users\MinhTo\.m2\repository\org\hibernate\javax\persistence\hibernate-jpa-2.1-api\1.0.0.Final\hibernate-jpa-2.1-api-1.0.0.Final.jar;C:\Users\MinhTo\.m2\repository\org\slf4j\slf4j-api\1.7.5\slf4j-api-1.7.5.jar;C:\Users\MinhTo\.m2\repository\org\slf4j\jcl-over-slf4j\1.7.5\jcl-over-slf4j-1.7.5.jar;C:\Users\MinhTo\.m2\repository\org\slf4j\slf4j-log4j12\1.7.5\slf4j-log4j12-1.7.5.jar;C:\Users\MinhTo\.m2\repository\log4j\log4j\1.2.15\log4j-1.2.15.jar;C:\Users\MinhTo\.m2\repository\com\fasterxml\jackson\core\jackson-core\2.9.6\jackson-core-2.9.6.jar;C:\Users\MinhTo\.m2\repository\com\fasterxml\jackson\core\jackson-annotations\2.9.6\jackson-annotations-2.9.6.jar;C:\Users\MinhTo\.m2\repository\com\fasterxml\jackson\core\jackson-databind\2.9.6\jackson-databind-2.9.6.jar;C:\Users\MinhTo\.m2\repository\commons-dbcp\commons-dbcp\1.4\commons-dbcp-1.4.jar;C:\Users\MinhTo\.m2\repository\commons-pool\commons-pool\1.5.4\commons-pool-1.5.4.jar;C:\Users\MinhTo\.m2\repository\org\modelmapper\modelmapper\2.3.5\modelmapper-2.3.5.jar;C:\Users\MinhTo\.m2\repository\javax\xml\bind\jaxb-api\2.3.1\jaxb-api-2.3.1.jar;C:\Users\MinhTo\.m2\repository\javax\activation\javax.activation-api\1.2.0\javax.activation-api-1.2.0.jar;C:\Users\MinhTo\.m2\repository\org\hibernate\hibernate-jpamodelgen\5.3.2.Final\hibernate-jpamodelgen-5.3.2.Final.jar;C:\Users\MinhTo\.m2\repository\org\mockito\mockito-core\3.11.2\mockito-core-3.11.2.jar;C:\Users\MinhTo\.m2\repository\net\bytebuddy\byte-buddy\1.11.3\byte-buddy-1.11.3.jar;C:\Users\MinhTo\.m2\repository\net\bytebuddy\byte-buddy-agent\1.11.3\byte-buddy-agent-1.11.3.jar;C:\Users\MinhTo\.m2\repository\org\objenesis\objenesis\3.2\objenesis-3.2.jar;C:\Users\MinhTo\.m2\repository\org\mockito\mockito-junit-jupiter\3.2.4\mockito-junit-jupiter-3.2.4.jar;C:\Users\MinhTo\.m2\repository\org\junit\jupiter\junit-jupiter-api\5.4.2\junit-jupiter-api-5.4.2.jar;C:\Users\MinhTo\.m2\repository\org\apiguardian\apiguardian-api\1.0.0\apiguardian-api-1.0.0.jar;C:\Users\MinhTo\.m2\repository\org\opentest4j\opentest4j\1.1.1\opentest4j-1.1.1.jar;C:\Users\MinhTo\.m2\repository\org\junit\platform\junit-platform-commons\1.4.2\junit-platform-commons-1.4.2.jar;C:\Users\MinhTo\.m2\repository\junit\junit\4.13.2\junit-4.13.2.jar;C:\Users\MinhTo\.m2\repository\org\hamcrest\hamcrest-all\1.3\hamcrest-all-1.3.jar;C:\Users\MinhTo\.m2\repository\com\microsoft\sqlserver\mssql-jdbc\7.4.1.jre8\mssql-jdbc-7.4.1.jre8.jar;C:\Users\MinhTo\.m2\repository\org\hibernate\hibernate-java8\5.0.7.Final\hibernate-java8-5.0.7.Final.jar;, user.name=MinhTo, java.vm.specification.version=1.8, sun.java.command=E:\BT-JAVA-WEB\SpringMVCHibernate\target\surefire\surefirebooter6821871679518693960.jar E:\BT-JAVA-WEB\SpringMVCHibernate\target\surefire\surefire4457562381731493762tmp E:\BT-JAVA-WEB\SpringMVCHibernate\target\surefire\surefire_08669293951799136018tmp, java.home=C:\Program Files\Java\jdk1.8.0_241\jre, sun.arch.data.model=64, user.language=en, java.specification.vendor=Oracle Corporation, user.language.format=vi, awt.toolkit=sun.awt.windows.WToolkit, java.vm.info=mixed mode, java.version=1.8.0_241, java.ext.dirs=C:\Program Files\Java\jdk1.8.0_241\jre\lib\ext;C:\WINDOWS\Sun\Java\lib\ext, sun.boot.class.path=C:\Program Files\Java\jdk1.8.0_241\jre\lib\resources.jar;C:\Program Files\Java\jdk1.8.0_241\jre\lib\rt.jar;C:\Program Files\Java\jdk1.8.0_241\jre\lib\sunrsasign.jar;C:\Program Files\Java\jdk1.8.0_241\jre\lib\jsse.jar;C:\Program Files\Java\jdk1.8.0_241\jre\lib\jce.jar;C:\Program Files\Java\jdk1.8.0_241\jre\lib\charsets.jar;C:\Program Files\Java\jdk1.8.0_241\jre\lib\jfr.jar;C:\Program Files\Java\jdk1.8.0_241\jre\classes, java.vendor=Oracle Corporation, localRepository=C:\Users\MinhTo\.m2\repository, file.separator=\, java.vendor.url.bug=http://bugreport.sun.com/bugreport/, sun.io.unicode.encoding=UnicodeLittle, sun.cpu.endian=little, sun.desktop=windows, sun.cpu.isalist=amd64}}, SystemEnvironmentPropertySource@876213901 {name='systemEnvironment', properties={PATH=C:/Program Files/Java/jdk1.8.0_241/bin/../jre/bin/server;C:/Program Files/Java/jdk1.8.0_241/bin/../jre/bin;C:/Program Files/Java/jdk1.8.0_241/bin/../jre/lib/amd64;C:\WINDOWS\system32;C:\WINDOWS;C:\Program Files (x86)\Common Files\Oracle\Java\javapath;C:\ProgramData\Oracle\Java\javapath;C:\Program Files\Java\jdk1.8.0_241\bin;E:\java wed\apache-maven-3.6.0\bin;C:\Program Files\Microsoft JDBC Driver 8.4 for SQL Server\sqljdbc_8.4\enu\mssql-jdbc-8.4.1.jre11.jar;C:\Program Files (x86)\Microsoft SQL Server\150\Tools\Binn\;C:\Program Files\Microsoft SQL Server\150\Tools\Binn\;C:\Program Files (x86)\Microsoft SQL Server\150\DTS\Binn\;C:\Program Files\Microsoft SQL Server\150\DTS\Binn\;C:\Program Files\Microsoft SQL Server\Client SDK\ODBC\170\Tools\Binn\;C:\Users\MinhTo\GlassFish_Server\glassfish\bin;\cygdrive\C\Program Files\Java\jdk1.8.0_241\bin;C:\Program Files\Java\jdk1.8.0_241\lib;C:\Program Files\Java\jre1.8.0_241\lib;C:\Program Files\Java\jre1.8.0_241\bin;C:\cygwin64\bin;C:\Users\MinhTo\GlassFish_Server\glassfish\lib\javaee.jar;C:\Program Files\NVIDIA Corporation\NVIDIA NvDLISR;C:\Program Files\dotnet\;E:\Program Files\Git\cmd;C:\Program Files\Microsoft SQL Server\Client SDK\ODBC\110\Tools\Binn\;C:\Program Files (x86)\Microsoft SQL Server\120\Tools\Binn\;C:\Program Files\Microsoft SQL Server\120\Tools\Binn\;C:\Program Files\Microsoft SQL Server\120\DTS\Binn\;E:\TOMCAT\apache-tomcat-8.5.70\bin;C:\Program Files\nodejs;C:\Program Files\Java\jdk1.8.0_241\bin;C:\Users\MinhTo\AppData\Local\Microsoft\WindowsApps;C:\Users\MinhTo\AppData\Local\Programs\Microsoft VS Code\bin;C:\Users\MinhTo\AppData\Roaming\npm;C:\Program Files\Microsoft JDBC Driver 8.4 for SQL Server\sqljdbc_8.4\enu\mssql-jdbc-8.4.1.jre11.jar;\cygdrive\C\Program Files\Java\jdk1.8.0_241\bin;C:\Users\MinhTo\GlassFish_Server\glassfish\lib\javaee.jar;C:\Program Files\Java\jdk1.8.0_241\lib;C:\Users\MinhTo\AppData\Local\GitHubDesktop\bin;d:\openpose\anaconda3\lib;C:\Users\MinhTo\AppData\Roaming\Python\Python38;D:\OpenPose\anaconda3\Library\bin;D:\OpenPose\anaconda3\Lib;C:\Program Files\nodejs;;E:\java wed\eclipse-jee-2018-09-win32-x86_64\eclipse;, USERDOMAIN_ROAMINGPROFILE=MINHTO-PC, PROCESSOR_LEVEL=6, SYSTEMDRIVE=C:, M2=E:\java wed\apache-maven-3.6.0\bin MAVEN_OPTS=-Xms256m -Xmx512m, SESSIONNAME=Console, ALLUSERSPROFILE=C:\ProgramData, PROCESSOR_ARCHITECTURE=AMD64, DRIVERDATA=C:\Windows\System32\Drivers\DriverData, =E:=E:\BT-JAVA-WEB\SpringMVCHibernate, MAVEN_HOME=E:\java wed\apache-maven-3.6.0, PROGRAMFILES=C:\Program Files, PSMODULEPATH=C:\Program Files\WindowsPowerShell\Modules;C:\WINDOWS\system32\WindowsPowerShell\v1.0\Modules;C:\Program Files (x86)\Microsoft SQL Server\150\Tools\PowerShell\Modules\;C:\Program Files (x86)\Microsoft SQL Server\120\Tools\PowerShell\Modules\, PROGRAMDATA=C:\ProgramData, CHOCOLATEYLASTPATHUPDATE=132297907597727568, USERNAME=MinhTo, FPS_BROWSER_USER_PROFILE_STRING=Default, ONEDRIVE=C:\Users\MinhTo\OneDrive, PATHEXT=.COM;.EXE;.BAT;.CMD;.VBS;.VBE;.JS;.JSE;.WSF;.WSH;.MSC, ONEDRIVECONSUMER=C:\Users\MinhTo\OneDrive, WINDIR=C:\WINDOWS, HOMEPATH=\Users\MinhTo, PROCESSOR_IDENTIFIER=Intel64 Family 6 Model 94 Stepping 3, GenuineIntel, M2_HOME=E:\java wed\apache-maven-3.6.0, PUBLIC=C:\Users\Public, =::=::\, MSMPI_BENCHMARKS=C:\Program Files\Microsoft MPI\Benchmarks\, LOCALAPPDATA=C:\Users\MinhTo\AppData\Local, MSMPI_BIN=C:\Program Files\Microsoft MPI\Bin\, COMMONPROGRAMFILES(X86)=C:\Program Files (x86)\Common Files, USERDOMAIN=MINHTO-PC, FPS_BROWSER_APP_PROFILE_STRING=Internet Explorer, LOGONSERVER=\\MINHTO-PC, JAVA_HOME=C:\Program Files\Java\jdk1.8.0_241, PROMPT=$P$G, PROGRAMFILES(X86)=C:\Program Files (x86), QT_DEVICE_PIXEL_RATIO=auto, =C:=C:\, APPDATA=C:\Users\MinhTo\AppData\Roaming, PROGRAMW6432=C:\Program Files, SYSTEMROOT=C:\WINDOWS, CHOCOLATEYINSTALL=C:\ProgramData\chocolatey, PT7HOME=E:\Program Files\Cisco Packet Tracer 7.2, OS=Windows_NT, COMMONPROGRAMW6432=C:\Program Files\Common Files, COMPUTERNAME=MINHTO-PC, COMMONPROGRAMFILES=C:\Program Files\Common Files, COMSPEC=C:\WINDOWS\system32\cmd.exe, CATALINA_HOME=E:\TOMCAT\apache-tomcat-8.5.70, PROCESSOR_REVISION=5e03, CLASSPATH=.;C:\Program Files\Java\jdk1.8.0_241\bin;.;C:\Program Files\Java\jdk1.8.0_241\lib;, TEMP=C:\Users\MinhTo\AppData\Local\Temp, HOMEDRIVE=C:, USERPROFILE=C:\Users\MinhTo, TMP=C:\Users\MinhTo\AppData\Local\Temp, NUMBER_OF_PROCESSORS=8}}]
2021-09-28 13:45:43 INFO  XmlBeanDefinitionReader:317 - Loading XML bean definitions from class path resource [applicationContext-persistence-test.xml]
2021-09-28 13:45:43 DEBUG DefaultDocumentLoader:73 - Using JAXP provider [com.sun.org.apache.xerces.internal.jaxp.DocumentBuilderFactoryImpl]
2021-09-28 13:45:43 DEBUG PluggableSchemaResolver:141 - Loading schema mappings from [META-INF/spring.schemas]
2021-09-28 13:45:43 DEBUG PluggableSchemaResolver:147 - Loaded schema mappings: {http://www.springframework.org/schema/tx/spring-tx-2.5.xsd=org/springframework/transaction/config/spring-tx-2.5.xsd, http://www.springframework.org/schema/tx/spring-tx-4.3.xsd=org/springframework/transaction/config/spring-tx-4.3.xsd, http://www.springframework.org/schema/cache/spring-cache-4.2.xsd=org/springframework/cache/config/spring-cache-4.2.xsd, http://www.springframework.org/schema/aop/spring-aop-4.1.xsd=org/springframework/aop/config/spring-aop-4.1.xsd, http://www.springframework.org/schema/context/spring-context-3.1.xsd=org/springframework/context/config/spring-context-3.1.xsd, http://www.springframework.org/schema/data/repository/spring-repository-1.4.xsd=org/springframework/data/repository/config/spring-repository-1.4.xsd, http://www.springframework.org/schema/jdbc/spring-jdbc-4.1.xsd=org/springframework/jdbc/config/spring-jdbc-4.1.xsd, http://www.springframework.org/schema/util/spring-util-3.0.xsd=org/springframework/beans/factory/xml/spring-util-3.0.xsd, http://www.springframework.org/schema/mvc/spring-mvc-4.1.xsd=org/springframework/web/servlet/config/spring-mvc-4.1.xsd, http://www.springframework.org/schema/data/jpa/spring-jpa.xsd=org/springframework/data/jpa/repository/config/spring-jpa-1.8.xsd, http://www.springframework.org/schema/security/spring-security-3.0.3.xsd=org/springframework/security/config/spring-security-3.0.3.xsd, http://www.springframework.org/schema/security/spring-security-2.0.1.xsd=org/springframework/security/config/spring-security-2.0.1.xsd, http://www.springframework.org/schema/tool/spring-tool.xsd=org/springframework/beans/factory/xml/spring-tool-4.3.xsd, http://www.springframework.org/schema/aop/spring-aop-3.2.xsd=org/springframework/aop/config/spring-aop-3.2.xsd, http://www.springframework.org/schema/lang/spring-lang-4.1.xsd=org/springframework/scripting/config/spring-lang-4.1.xsd, http://www.springframework.org/schema/context/spring-context-4.0.xsd=org/springframework/context/config/spring-context-4.0.xsd, http://www.springframework.org/schema/mvc/spring-mvc-3.2.xsd=org/springframework/web/servlet/config/spring-mvc-3.2.xsd, http://www.springframework.org/schema/beans/spring-beans-4.2.xsd=org/springframework/beans/factory/xml/spring-beans-4.2.xsd, http://www.springframework.org/schema/tool/spring-tool-4.1.xsd=org/springframework/beans/factory/xml/spring-tool-4.1.xsd, http://www.springframework.org/schema/lang/spring-lang-3.2.xsd=org/springframework/scripting/config/spring-lang-3.2.xsd, http://www.springframework.org/schema/cache/spring-cache-3.2.xsd=org/springframework/cache/config/spring-cache-3.2.xsd, http://www.springframework.org/schema/jee/spring-jee-4.1.xsd=org/springframework/ejb/config/spring-jee-4.1.xsd, http://www.springframework.org/schema/jdbc/spring-jdbc-3.1.xsd=org/springframework/jdbc/config/spring-jdbc-3.1.xsd, http://www.springframework.org/schema/task/spring-task-4.2.xsd=org/springframework/scheduling/config/spring-task-4.2.xsd, http://www.springframework.org/schema/util/spring-util-2.0.xsd=org/springframework/beans/factory/xml/spring-util-2.0.xsd, http://www.springframework.org/schema/context/spring-context.xsd=org/springframework/context/config/spring-context-4.3.xsd, http://www.springframework.org/schema/tool/spring-tool-3.2.xsd=org/springframework/beans/factory/xml/spring-tool-3.2.xsd, http://www.springframework.org/schema/tx/spring-tx-4.2.xsd=org/springframework/transaction/config/spring-tx-4.2.xsd, http://www.springframework.org/schema/cache/spring-cache-4.1.xsd=org/springframework/cache/config/spring-cache-4.1.xsd, http://www.springframework.org/schema/aop/spring-aop-4.0.xsd=org/springframework/aop/config/spring-aop-4.0.xsd, http://www.springframework.org/schema/security/spring-security-2.0.xsd=org/springframework/security/config/spring-security-2.0.xsd, http://www.springframework.org/schema/jee/spring-jee-3.2.xsd=org/springframework/ejb/config/spring-jee-3.2.xsd, http://www.springframework.org/schema/context/spring-context-3.0.xsd=org/springframework/context/config/spring-context-3.0.xsd, http://www.springframework.org/schema/jdbc/spring-jdbc-4.0.xsd=org/springframework/jdbc/config/spring-jdbc-4.0.xsd, http://www.springframework.org/schema/util/spring-util-2.5.xsd=org/springframework/beans/factory/xml/spring-util-2.5.xsd, http://www.springframework.org/schema/mvc/spring-mvc-4.0.xsd=org/springframework/web/servlet/config/spring-mvc-4.0.xsd, http://www.springframework.org/schema/util/spring-util-4.3.xsd=org/springframework/beans/factory/xml/spring-util-4.3.xsd, http://www.springframework.org/schema/beans/spring-beans-3.2.xsd=org/springframework/beans/factory/xml/spring-beans-3.2.xsd, http://www.springframework.org/schema/aop/spring-aop-3.1.xsd=org/springframework/aop/config/spring-aop-3.1.xsd, http://www.springframework.org/schema/lang/spring-lang-4.0.xsd=org/springframework/scripting/config/spring-lang-4.0.xsd, http://www.springframework.org/schema/data/repository/spring-repository-1.8.xsd=org/springframework/data/repository/config/spring-repository-1.8.xsd, http://www.springframework.org/schema/mvc/spring-mvc.xsd=org/springframework/web/servlet/config/spring-mvc-4.3.xsd, http://www.springframework.org/schema/mvc/spring-mvc-3.1.xsd=org/springframework/web/servlet/config/spring-mvc-3.1.xsd, http://www.springframework.org/schema/beans/spring-beans-4.1.xsd=org/springframework/beans/factory/xml/spring-beans-4.1.xsd, http://www.springframework.org/schema/tool/spring-tool-4.0.xsd=org/springframework/beans/factory/xml/spring-tool-4.0.xsd, http://www.springframework.org/schema/lang/spring-lang-3.1.xsd=org/springframework/scripting/config/spring-lang-3.1.xsd, http://www.springframework.org/schema/tx/spring-tx-3.2.xsd=org/springframework/transaction/config/spring-tx-3.2.xsd, http://www.springframework.org/schema/cache/spring-cache-3.1.xsd=org/springframework/cache/config/spring-cache-3.1.xsd, http://www.springframework.org/schema/jee/spring-jee-4.0.xsd=org/springframework/ejb/config/spring-jee-4.0.xsd, http://www.springframework.org/schema/jdbc/spring-jdbc-3.0.xsd=org/springframework/jdbc/config/spring-jdbc-3.0.xsd, http://www.springframework.org/schema/task/spring-task-4.1.xsd=org/springframework/scheduling/config/spring-task-4.1.xsd, http://www.springframework.org/schema/jdbc/spring-jdbc.xsd=org/springframework/jdbc/config/spring-jdbc-4.3.xsd, http://www.springframework.org/schema/tool/spring-tool-3.1.xsd=org/springframework/beans/factory/xml/spring-tool-3.1.xsd, http://www.springframework.org/schema/tx/spring-tx-4.1.xsd=org/springframework/transaction/config/spring-tx-4.1.xsd, http://www.springframework.org/schema/cache/spring-cache-4.0.xsd=org/springframework/cache/config/spring-cache-4.0.xsd, http://www.springframework.org/schema/jee/spring-jee-3.1.xsd=org/springframework/ejb/config/spring-jee-3.1.xsd, http://www.springframework.org/schema/task/spring-task-3.2.xsd=org/springframework/scheduling/config/spring-task-3.2.xsd, http://www.springframework.org/schema/util/spring-util-4.2.xsd=org/springframework/beans/factory/xml/spring-util-4.2.xsd, http://www.springframework.org/schema/beans/spring-beans-3.1.xsd=org/springframework/beans/factory/xml/spring-beans-3.1.xsd, http://www.springframework.org/schema/util/spring-util.xsd=org/springframework/beans/factory/xml/spring-util-4.3.xsd, http://www.springframework.org/schema/data/jpa/spring-jpa-1.3.xsd=org/springframework/data/jpa/repository/config/spring-jpa-1.3.xsd, http://www.springframework.org/schema/aop/spring-aop-3.0.xsd=org/springframework/aop/config/spring-aop-3.0.xsd, http://www.springframework.org/schema/data/repository/spring-repository.xsd=org/springframework/data/repository/config/spring-repository-1.11.xsd, http://www.springframework.org/schema/data/repository/spring-repository-1.7.xsd=org/springframework/data/repository/config/spring-repository-1.7.xsd, http://www.springframework.org/schema/mvc/spring-mvc-3.0.xsd=org/springframework/web/servlet/config/spring-mvc-3.0.xsd, http://www.springframework.org/schema/beans/spring-beans-4.0.xsd=org/springframework/beans/factory/xml/spring-beans-4.0.xsd, http://www.springframework.org/schema/data/jpa/spring-jpa-1.8.xsd=org/springframework/data/jpa/repository/config/spring-jpa-1.8.xsd, http://www.springframework.org/schema/beans/spring-beans.xsd=org/springframework/beans/factory/xml/spring-beans-4.3.xsd, http://www.springframework.org/schema/security/spring-security-2.0.4.xsd=org/springframework/security/config/spring-security-2.0.4.xsd, http://www.springframework.org/schema/lang/spring-lang-3.0.xsd=org/springframework/scripting/config/spring-lang-3.0.xsd, http://www.springframework.org/schema/tx/spring-tx-3.1.xsd=org/springframework/transaction/config/spring-tx-3.1.xsd, http://www.springframework.org/schema/context/spring-context-4.3.xsd=org/springframework/context/config/spring-context-4.3.xsd, http://www.springframework.org/schema/context/spring-context-2.5.xsd=org/springframework/context/config/spring-context-2.5.xsd, http://www.springframework.org/schema/task/spring-task-4.0.xsd=org/springframework/scheduling/config/spring-task-4.0.xsd, http://www.springframework.org/schema/tool/spring-tool-3.0.xsd=org/springframework/beans/factory/xml/spring-tool-3.0.xsd, http://www.springframework.org/schema/tx/spring-tx-4.0.xsd=org/springframework/transaction/config/spring-tx-4.0.xsd, http://www.springframework.org/schema/aop/spring-aop-2.0.xsd=org/springframework/aop/config/spring-aop-2.0.xsd, http://www.springframework.org/schema/security/spring-security-3.2.xsd=org/springframework/security/config/spring-security-3.2.xsd, http://www.springframework.org/schema/jee/spring-jee-3.0.xsd=org/springframework/ejb/config/spring-jee-3.0.xsd, http://www.springframework.org/schema/task/spring-task-3.1.xsd=org/springframework/scheduling/config/spring-task-3.1.xsd, http://www.springframework.org/schema/util/spring-util-4.1.xsd=org/springframework/beans/factory/xml/spring-util-4.1.xsd, http://www.springframework.org/schema/beans/spring-beans-3.0.xsd=org/springframework/beans/factory/xml/spring-beans-3.0.xsd, http://www.springframework.org/schema/data/jpa/spring-jpa-1.2.xsd=org/springframework/data/jpa/repository/config/spring-jpa-1.2.xsd, http://www.springframework.org/schema/jee/spring-jee.xsd=org/springframework/ejb/config/spring-jee-4.3.xsd, http://www.springframework.org/schema/aop/spring-aop-2.5.xsd=org/springframework/aop/config/spring-aop-2.5.xsd, http://www.springframework.org/schema/aop/spring-aop-4.3.xsd=org/springframework/aop/config/spring-aop-4.3.xsd, http://www.springframework.org/schema/lang/spring-lang-2.0.xsd=org/springframework/scripting/config/spring-lang-2.0.xsd, http://www.springframework.org/schema/data/repository/spring-repository-1.6.xsd=org/springframework/data/repository/config/spring-repository-1.6.xsd, http://www.springframework.org/schema/jdbc/spring-jdbc-4.3.xsd=org/springframework/jdbc/config/spring-jdbc-4.3.xsd, http://www.springframework.org/schema/mvc/spring-mvc-4.3.xsd=org/springframework/web/servlet/config/spring-mvc-4.3.xsd, http://www.springframework.org/schema/util/spring-util-3.2.xsd=org/springframework/beans/factory/xml/spring-util-3.2.xsd, http://www.springframework.org/schema/task/spring-task.xsd=org/springframework/scheduling/config/spring-task-4.3.xsd, http://www.springframework.org/schema/tool/spring-tool-2.0.xsd=org/springframework/beans/factory/xml/spring-tool-2.0.xsd, http://www.springframework.org/schema/lang/spring-lang-4.3.xsd=org/springframework/scripting/config/spring-lang-4.3.xsd, http://www.springframework.org/schema/lang/spring-lang-2.5.xsd=org/springframework/scripting/config/spring-lang-2.5.xsd, http://www.springframework.org/schema/tx/spring-tx-3.0.xsd=org/springframework/transaction/config/spring-tx-3.0.xsd, http://www.springframework.org/schema/context/spring-context-4.2.xsd=org/springframework/context/config/spring-context-4.2.xsd, http://www.springframework.org/schema/jee/spring-jee-2.0.xsd=org/springframework/ejb/config/spring-jee-2.0.xsd, http://www.springframework.org/schema/tool/spring-tool-4.3.xsd=org/springframework/beans/factory/xml/spring-tool-4.3.xsd, http://www.springframework.org/schema/tool/spring-tool-2.5.xsd=org/springframework/beans/factory/xml/spring-tool-2.5.xsd, http://www.springframework.org/schema/security/spring-security-3.1.xsd=org/springframework/security/config/spring-security-3.1.xsd, http://www.springframework.org/schema/jee/spring-jee-4.3.xsd=org/springframework/ejb/config/spring-jee-4.3.xsd, http://www.springframework.org/schema/jee/spring-jee-2.5.xsd=org/springframework/ejb/config/spring-jee-2.5.xsd, http://www.springframework.org/schema/data/repository/spring-repository-1.0.xsd=org/springframework/data/repository/config/spring-repository-1.0.xsd, http://www.springframework.org/schema/task/spring-task-3.0.xsd=org/springframework/scheduling/config/spring-task-3.0.xsd, http://www.springframework.org/schema/util/spring-util-4.0.xsd=org/springframework/beans/factory/xml/spring-util-4.0.xsd, http://www.springframework.org/schema/data/jpa/spring-jpa-1.1.xsd=org/springframework/data/jpa/repository/config/spring-jpa-1.1.xsd, http://www.springframework.org/schema/cache/spring-cache-4.3.xsd=org/springframework/cache/config/spring-cache-4.3.xsd, http://www.springframework.org/schema/aop/spring-aop-4.2.xsd=org/springframework/aop/config/spring-aop-4.2.xsd, http://www.springframework.org/schema/security/spring-security-4.0.xsd=org/springframework/security/config/spring-security-4.0.xsd, http://www.springframework.org/schema/lang/spring-lang.xsd=org/springframework/scripting/config/spring-lang-4.3.xsd, http://www.springframework.org/schema/context/spring-context-3.2.xsd=org/springframework/context/config/spring-context-3.2.xsd, http://www.springframework.org/schema/data/repository/spring-repository-1.5.xsd=org/springframework/data/repository/config/spring-repository-1.5.xsd, http://www.springframework.org/schema/jdbc/spring-jdbc-4.2.xsd=org/springframework/jdbc/config/spring-jdbc-4.2.xsd, http://www.springframework.org/schema/mvc/spring-mvc-4.2.xsd=org/springframework/web/servlet/config/spring-mvc-4.2.xsd, http://www.springframework.org/schema/util/spring-util-3.1.xsd=org/springframework/beans/factory/xml/spring-util-3.1.xsd, http://www.springframework.org/schema/beans/spring-beans-2.0.xsd=org/springframework/beans/factory/xml/spring-beans-2.0.xsd, http://www.springframework.org/schema/cache/spring-cache.xsd=org/springframework/cache/config/spring-cache-4.3.xsd, http://www.springframework.org/schema/tx/spring-tx.xsd=org/springframework/transaction/config/spring-tx-4.3.xsd, http://www.springframework.org/schema/security/spring-security-2.0.2.xsd=org/springframework/security/config/spring-security-2.0.2.xsd, http://www.springframework.org/schema/lang/spring-lang-4.2.xsd=org/springframework/scripting/config/spring-lang-4.2.xsd, http://www.springframework.org/schema/context/spring-context-4.1.xsd=org/springframework/context/config/spring-context-4.1.xsd, http://www.springframework.org/schema/beans/spring-beans-2.5.xsd=org/springframework/beans/factory/xml/spring-beans-2.5.xsd, http://www.springframework.org/schema/beans/spring-beans-4.3.xsd=org/springframework/beans/factory/xml/spring-beans-4.3.xsd, http://www.springframework.org/schema/tool/spring-tool-4.2.xsd=org/springframework/beans/factory/xml/spring-tool-4.2.xsd, http://www.springframework.org/schema/security/spring-security.xsd=org/springframework/security/config/spring-security-4.0.xsd, http://www.springframework.org/schema/tx/spring-tx-2.0.xsd=org/springframework/transaction/config/spring-tx-2.0.xsd, http://www.springframework.org/schema/security/spring-security-3.0.xsd=org/springframework/security/config/spring-security-3.0.xsd, http://www.springframework.org/schema/data/repository/spring-repository-1.11.xsd=org/springframework/data/repository/config/spring-repository-1.11.xsd, http://www.springframework.org/schema/jee/spring-jee-4.2.xsd=org/springframework/ejb/config/spring-jee-4.2.xsd, http://www.springframework.org/schema/jdbc/spring-jdbc-3.2.xsd=org/springframework/jdbc/config/spring-jdbc-3.2.xsd, http://www.springframework.org/schema/task/spring-task-4.3.xsd=org/springframework/scheduling/config/spring-task-4.3.xsd, http://www.springframework.org/schema/aop/spring-aop.xsd=org/springframework/aop/config/spring-aop-4.3.xsd, http://www.springframework.org/schema/data/jpa/spring-jpa-1.0.xsd=org/springframework/data/jpa/repository/config/spring-jpa-1.0.xsd}
2021-09-28 13:45:43 DEBUG PluggableSchemaResolver:119 - Found XML schema [http://www.springframework.org/schema/beans/spring-beans.xsd] in classpath: org/springframework/beans/factory/xml/spring-beans-4.3.xsd
2021-09-28 13:45:43 DEBUG PluggableSchemaResolver:119 - Found XML schema [http://www.springframework.org/schema/context/spring-context.xsd] in classpath: org/springframework/context/config/spring-context-4.3.xsd
2021-09-28 13:45:43 DEBUG PluggableSchemaResolver:119 - Found XML schema [http://www.springframework.org/schema/tool/spring-tool-4.3.xsd] in classpath: org/springframework/beans/factory/xml/spring-tool-4.3.xsd
2021-09-28 13:45:43 DEBUG PluggableSchemaResolver:119 - Found XML schema [http://www.springframework.org/schema/mvc/spring-mvc.xsd] in classpath: org/springframework/web/servlet/config/spring-mvc-4.3.xsd
2021-09-28 13:45:43 DEBUG PluggableSchemaResolver:119 - Found XML schema [http://www.springframework.org/schema/data/jpa/spring-jpa.xsd] in classpath: org/springframework/data/jpa/repository/config/spring-jpa-1.8.xsd
2021-09-28 13:45:43 DEBUG PluggableSchemaResolver:119 - Found XML schema [http://www.springframework.org/schema/data/repository/spring-repository.xsd] in classpath: org/springframework/data/repository/config/spring-repository-1.11.xsd
2021-09-28 13:45:43 DEBUG DefaultBeanDefinitionDocumentReader:92 - Loading bean definitions
2021-09-28 13:45:43 DEBUG DefaultNamespaceHandlerResolver:157 - Loaded NamespaceHandler mappings: {http://www.springframework.org/schema/p=org.springframework.beans.factory.xml.SimplePropertyNamespaceHandler, http://www.springframework.org/schema/mvc=org.springframework.web.servlet.config.MvcNamespaceHandler, http://www.springframework.org/schema/util=org.springframework.beans.factory.xml.UtilNamespaceHandler, http://www.springframework.org/schema/jee=org.springframework.ejb.config.JeeNamespaceHandler, http://www.springframework.org/schema/aop=org.springframework.aop.config.AopNamespaceHandler, http://www.springframework.org/schema/data/repository=org.springframework.data.repository.config.RepositoryNameSpaceHandler, http://www.springframework.org/schema/jdbc=org.springframework.jdbc.config.JdbcNamespaceHandler, http://www.springframework.org/schema/data/jpa=org.springframework.data.jpa.repository.config.JpaRepositoryNameSpaceHandler, http://www.springframework.org/schema/cache=org.springframework.cache.config.CacheNamespaceHandler, http://www.springframework.org/schema/c=org.springframework.beans.factory.xml.SimpleConstructorNamespaceHandler, http://www.springframework.org/schema/security=org.springframework.security.config.SecurityNamespaceHandler, http://www.springframework.org/schema/tx=org.springframework.transaction.config.TxNamespaceHandler, http://www.springframework.org/schema/task=org.springframework.scheduling.config.TaskNamespaceHandler, http://www.springframework.org/schema/lang=org.springframework.scripting.config.LangNamespaceHandler, http://www.springframework.org/schema/data/keyvalue=org.springframework.data.keyvalue.repository.config.KeyValueRepositoryNameSpaceHandler, http://www.springframework.org/schema/context=org.springframework.context.config.ContextNamespaceHandler}
2021-09-28 13:45:43 DEBUG ClassPathBeanDefinitionScanner:189 - JSR-250 'javax.annotation.ManagedBean' found and supported for component scanning
2021-09-28 13:45:43 DEBUG ClassPathBeanDefinitionScanner:197 - JSR-330 'javax.inject.Named' annotation found and supported for component scanning
2021-09-28 13:45:43 DEBUG PathMatchingResourcePatternResolver:318 - Resolved classpath location [com/mycompany/springmvchibernate/] to resources [URL [file:/E:/BT-JAVA-WEB/SpringMVCHibernate/target/test-classes/com/mycompany/springmvchibernate/], URL [file:/E:/BT-JAVA-WEB/SpringMVCHibernate/target/classes/com/mycompany/springmvchibernate/]]
2021-09-28 13:45:43 DEBUG PathMatchingResourcePatternResolver:741 - Looking for matching resources in directory tree [E:\BT-JAVA-WEB\SpringMVCHibernate\target\test-classes\com\mycompany\springmvchibernate]
2021-09-28 13:45:43 DEBUG PathMatchingResourcePatternResolver:803 - Searching directory [E:\BT-JAVA-WEB\SpringMVCHibernate\target\test-classes\com\mycompany\springmvchibernate] for files matching pattern [E:/BT-JAVA-WEB/SpringMVCHibernate/target/test-classes/com/mycompany/springmvchibernate/**/*.class]
2021-09-28 13:45:43 DEBUG PathMatchingResourcePatternResolver:803 - Searching directory [E:\BT-JAVA-WEB\SpringMVCHibernate\target\test-classes\com\mycompany\springmvchibernate\JUnitTest] for files matching pattern [E:/BT-JAVA-WEB/SpringMVCHibernate/target/test-classes/com/mycompany/springmvchibernate/**/*.class]
2021-09-28 13:45:43 DEBUG PathMatchingResourcePatternResolver:741 - Looking for matching resources in directory tree [E:\BT-JAVA-WEB\SpringMVCHibernate\target\classes\com\mycompany\springmvchibernate]
2021-09-28 13:45:43 DEBUG PathMatchingResourcePatternResolver:803 - Searching directory [E:\BT-JAVA-WEB\SpringMVCHibernate\target\classes\com\mycompany\springmvchibernate] for files matching pattern [E:/BT-JAVA-WEB/SpringMVCHibernate/target/classes/com/mycompany/springmvchibernate/**/*.class]
2021-09-28 13:45:43 DEBUG PathMatchingResourcePatternResolver:803 - Searching directory [E:\BT-JAVA-WEB\SpringMVCHibernate\target\classes\com\mycompany\springmvchibernate\API] for files matching pattern [E:/BT-JAVA-WEB/SpringMVCHibernate/target/classes/com/mycompany/springmvchibernate/**/*.class]
2021-09-28 13:45:43 DEBUG PathMatchingResourcePatternResolver:803 - Searching directory [E:\BT-JAVA-WEB\SpringMVCHibernate\target\classes\com\mycompany\springmvchibernate\Comparator] for files matching pattern [E:/BT-JAVA-WEB/SpringMVCHibernate/target/classes/com/mycompany/springmvchibernate/**/*.class]
2021-09-28 13:45:43 DEBUG PathMatchingResourcePatternResolver:803 - Searching directory [E:\BT-JAVA-WEB\SpringMVCHibernate\target\classes\com\mycompany\springmvchibernate\Config] for files matching pattern [E:/BT-JAVA-WEB/SpringMVCHibernate/target/classes/com/mycompany/springmvchibernate/**/*.class]
2021-09-28 13:45:43 DEBUG PathMatchingResourcePatternResolver:803 - Searching directory [E:\BT-JAVA-WEB\SpringMVCHibernate\target\classes\com\mycompany\springmvchibernate\Controller] for files matching pattern [E:/BT-JAVA-WEB/SpringMVCHibernate/target/classes/com/mycompany/springmvchibernate/**/*.class]
2021-09-28 13:45:43 DEBUG PathMatchingResourcePatternResolver:803 - Searching directory [E:\BT-JAVA-WEB\SpringMVCHibernate\target\classes\com\mycompany\springmvchibernate\Controller\web] for files matching pattern [E:/BT-JAVA-WEB/SpringMVCHibernate/target/classes/com/mycompany/springmvchibernate/**/*.class]
2021-09-28 13:45:43 DEBUG PathMatchingResourcePatternResolver:803 - Searching directory [E:\BT-JAVA-WEB\SpringMVCHibernate\target\classes\com\mycompany\springmvchibernate\CustomDeserialize] for files matching pattern [E:/BT-JAVA-WEB/SpringMVCHibernate/target/classes/com/mycompany/springmvchibernate/**/*.class]
2021-09-28 13:45:43 DEBUG PathMatchingResourcePatternResolver:803 - Searching directory [E:\BT-JAVA-WEB\SpringMVCHibernate\target\classes\com\mycompany\springmvchibernate\Dao] for files matching pattern [E:/BT-JAVA-WEB/SpringMVCHibernate/target/classes/com/mycompany/springmvchibernate/**/*.class]
2021-09-28 13:45:43 DEBUG PathMatchingResourcePatternResolver:803 - Searching directory [E:\BT-JAVA-WEB\SpringMVCHibernate\target\classes\com\mycompany\springmvchibernate\DaoImp] for files matching pattern [E:/BT-JAVA-WEB/SpringMVCHibernate/target/classes/com/mycompany/springmvchibernate/**/*.class]
2021-09-28 13:45:43 DEBUG PathMatchingResourcePatternResolver:803 - Searching directory [E:\BT-JAVA-WEB\SpringMVCHibernate\target\classes\com\mycompany\springmvchibernate\DTO] for files matching pattern [E:/BT-JAVA-WEB/SpringMVCHibernate/target/classes/com/mycompany/springmvchibernate/**/*.class]
2021-09-28 13:45:43 DEBUG PathMatchingResourcePatternResolver:803 - Searching directory [E:\BT-JAVA-WEB\SpringMVCHibernate\target\classes\com\mycompany\springmvchibernate\DTODemo] for files matching pattern [E:/BT-JAVA-WEB/SpringMVCHibernate/target/classes/com/mycompany/springmvchibernate/**/*.class]
2021-09-28 13:45:43 DEBUG PathMatchingResourcePatternResolver:803 - Searching directory [E:\BT-JAVA-WEB\SpringMVCHibernate\target\classes\com\mycompany\springmvchibernate\Entity] for files matching pattern [E:/BT-JAVA-WEB/SpringMVCHibernate/target/classes/com/mycompany/springmvchibernate/**/*.class]
2021-09-28 13:45:43 DEBUG PathMatchingResourcePatternResolver:803 - Searching directory [E:\BT-JAVA-WEB\SpringMVCHibernate\target\classes\com\mycompany\springmvchibernate\EntityDemo] for files matching pattern [E:/BT-JAVA-WEB/SpringMVCHibernate/target/classes/com/mycompany/springmvchibernate/**/*.class]
2021-09-28 13:45:43 DEBUG PathMatchingResourcePatternResolver:803 - Searching directory [E:\BT-JAVA-WEB\SpringMVCHibernate\target\classes\com\mycompany\springmvchibernate\EntityTest] for files matching pattern [E:/BT-JAVA-WEB/SpringMVCHibernate/target/classes/com/mycompany/springmvchibernate/**/*.class]
2021-09-28 13:45:43 DEBUG PathMatchingResourcePatternResolver:803 - Searching directory [E:\BT-JAVA-WEB\SpringMVCHibernate\target\classes\com\mycompany\springmvchibernate\JUnitTest] for files matching pattern [E:/BT-JAVA-WEB/SpringMVCHibernate/target/classes/com/mycompany/springmvchibernate/**/*.class]
[...]
2021-09-28 13:45:47 DEBUG DefaultListableBeanFactory:485 - Finished creating instance of bean 'org.springframework.web.servlet.mvc.HttpRequestHandlerAdapter'
2021-09-28 13:45:47 DEBUG DefaultListableBeanFactory:221 - Creating shared instance of singleton bean 'org.springframework.web.servlet.mvc.SimpleControllerHandlerAdapter'
2021-09-28 13:45:47 DEBUG DefaultListableBeanFactory:449 - Creating instance of bean 'org.springframework.web.servlet.mvc.SimpleControllerHandlerAdapter'
2021-09-28 13:45:47 DEBUG DefaultListableBeanFactory:539 - Eagerly caching bean 'org.springframework.web.servlet.mvc.SimpleControllerHandlerAdapter' to allow for resolving potential circular references
2021-09-28 13:45:47 DEBUG DefaultListableBeanFactory:485 - Finished creating instance of bean 'org.springframework.web.servlet.mvc.SimpleControllerHandlerAdapter'
2021-09-28 13:45:47 DEBUG DefaultListableBeanFactory:251 - Returning cached instance of singleton bean 'org.springframework.context.support.PropertySourcesPlaceholderConfigurer#0'
2021-09-28 13:45:47 DEBUG DefaultListableBeanFactory:251 - Returning cached instance of singleton bean 'org.springframework.data.repository.core.support.RepositoryFactoryBeanSupport_Predictor'
2021-09-28 13:45:47 DEBUG DefaultListableBeanFactory:251 - Returning cached instance of singleton bean 'emBeanDefinitionRegistrarPostProcessor'
2021-09-28 13:45:47 DEBUG DefaultListableBeanFactory:221 - Creating shared instance of singleton bean 'jpaMappingContext'
2021-09-28 13:45:47 DEBUG DefaultListableBeanFactory:449 - Creating instance of bean 'jpaMappingContext'
2021-09-28 13:45:47 DEBUG DefaultListableBeanFactory:539 - Eagerly caching bean 'jpaMappingContext' to allow for resolving potential circular references
2021-09-28 13:45:47 DEBUG DefaultListableBeanFactory:1670 - Invoking afterPropertiesSet() on bean with name 'jpaMappingContext'
2021-09-28 13:45:47 DEBUG DefaultListableBeanFactory:251 - Returning cached instance of singleton bean 'entityManagerFactory'
2021-09-28 13:45:47 DEBUG DefaultListableBeanFactory:485 - Finished creating instance of bean 'jpaMappingContext'
2021-09-28 13:45:47 DEBUG DefaultListableBeanFactory:221 - Creating shared instance of singleton bean 'jpaContext'
2021-09-28 13:45:47 DEBUG DefaultListableBeanFactory:449 - Creating instance of bean 'jpaContext'
2021-09-28 13:45:47 DEBUG DefaultListableBeanFactory:221 - Creating shared instance of singleton bean 'org.springframework.orm.jpa.SharedEntityManagerCreator#0'
2021-09-28 13:45:47 DEBUG DefaultListableBeanFactory:449 - Creating instance of bean 'org.springframework.orm.jpa.SharedEntityManagerCreator#0'
2021-09-28 13:45:47 DEBUG DefaultListableBeanFactory:251 - Returning cached instance of singleton bean 'entityManagerFactory'
2021-09-28 13:45:47 DEBUG DefaultListableBeanFactory:539 - Eagerly caching bean 'org.springframework.orm.jpa.SharedEntityManagerCreator#0' to allow for resolving potential circular references
2021-09-28 13:45:47 DEBUG DefaultListableBeanFactory:485 - Finished creating instance of bean 'org.springframework.orm.jpa.SharedEntityManagerCreator#0'
2021-09-28 13:45:47 DEBUG DefaultListableBeanFactory:757 - Autowiring by type from bean name 'jpaContext' via constructor to bean named 'org.springframework.orm.jpa.SharedEntityManagerCreator#0'
2021-09-28 13:45:47 DEBUG DefaultListableBeanFactory:539 - Eagerly caching bean 'jpaContext' to allow for resolving potential circular references
2021-09-28 13:45:47 DEBUG DefaultListableBeanFactory:485 - Finished creating instance of bean 'jpaContext'
2021-09-28 13:45:47 DEBUG DefaultListableBeanFactory:221 - Creating shared instance of singleton bean 'sanPhamRepository'
2021-09-28 13:45:47 DEBUG DefaultListableBeanFactory:449 - Creating instance of bean 'sanPhamRepository'
2021-09-28 13:45:47 DEBUG InjectionMetadata:72 - Registered injected element on class [org.springframework.data.jpa.repository.support.JpaRepositoryFactoryBean]: PersistenceElement for public void org.springframework.data.jpa.repository.support.JpaRepositoryFactoryBean.setEntityManager(javax.persistence.EntityManager)
2021-09-28 13:45:47 DEBUG DefaultListableBeanFactory:539 - Eagerly caching bean 'sanPhamRepository' to allow for resolving potential circular references
2021-09-28 13:45:47 DEBUG InjectionMetadata:86 - Processing injected element of bean 'sanPhamRepository': PersistenceElement for public void org.springframework.data.jpa.repository.support.JpaRepositoryFactoryBean.setEntityManager(javax.persistence.EntityManager)
2021-09-28 13:45:47 DEBUG DefaultListableBeanFactory:449 - Creating instance of bean '(inner bean)#64fe9da7'
2021-09-28 13:45:47 DEBUG DefaultListableBeanFactory:449 - Creating instance of bean '(inner bean)#77ec6a3d'
2021-09-28 13:45:47 DEBUG PathMatchingResourcePatternResolver:318 - Resolved classpath location [META-INF/jpa-named-queries.properties] to resources []
2021-09-28 13:45:47 DEBUG DefaultListableBeanFactory:1670 - Invoking afterPropertiesSet() on bean with name '(inner bean)#77ec6a3d'
2021-09-28 13:45:47 DEBUG DefaultListableBeanFactory:485 - Finished creating instance of bean '(inner bean)#77ec6a3d'
2021-09-28 13:45:47 DEBUG DefaultListableBeanFactory:485 - Finished creating instance of bean '(inner bean)#64fe9da7'
2021-09-28 13:45:47 DEBUG DefaultListableBeanFactory:449 - Creating instance of bean '(inner bean)#41fe8e5f'
2021-09-28 13:45:47 DEBUG DefaultListableBeanFactory:485 - Finished creating instance of bean '(inner bean)#41fe8e5f'
2021-09-28 13:45:47 DEBUG DefaultListableBeanFactory:449 - Creating instance of bean '(inner bean)#6cfd9a54'
2021-09-28 13:45:47 DEBUG DefaultListableBeanFactory:251 - Returning cached instance of singleton bean 'entityManagerFactory'
2021-09-28 13:45:47 DEBUG DefaultListableBeanFactory:485 - Finished creating instance of bean '(inner bean)#6cfd9a54'
2021-09-28 13:45:47 DEBUG DefaultListableBeanFactory:251 - Returning cached instance of singleton bean 'jpaMappingContext'
2021-09-28 13:45:47 DEBUG DefaultListableBeanFactory:1670 - Invoking afterPropertiesSet() on bean with name 'sanPhamRepository'
2021-09-28 13:45:47 DEBUG SharedEntityManagerCreator$SharedEntityManagerInvocationHandler:289 - Creating new EntityManager for shared EntityManager invocation
2021-09-28 13:45:47 DEBUG EntityManagerFactoryUtils:435 - Closing JPA EntityManager
2021-09-28 13:45:47 DEBUG SharedEntityManagerCreator$SharedEntityManagerInvocationHandler:289 - Creating new EntityManager for shared EntityManager invocation
2021-09-28 13:45:47 DEBUG EntityManagerFactoryUtils:435 - Closing JPA EntityManager
2021-09-28 13:45:47 DEBUG DefaultListableBeanFactory:568 - Retrieved dependent beans for bean '(inner bean)#64fe9da7': [sanPhamRepository]
2021-09-28 13:45:47 DEBUG DefaultListableBeanFactory:568 - Retrieved dependent beans for bean '(inner bean)#77ec6a3d': [(inner bean)#64fe9da7]
2021-09-28 13:45:47 WARN  GenericApplicationContext:551 - Exception encountered during context initialization - cancelling refresh attempt: org.springframework.beans.factory.BeanCreationException: Error creating bean with name 'sanPhamRepository': Invocation of init method failed; nested exception is java.lang.IllegalArgumentException: Not an managed type: class com.mycompany.springmvchibernate.Entity.SanPham
2021-09-28 13:45:47 DEBUG DefaultListableBeanFactory:512 - Destroying singletons in org.springframework.beans.factory.support.DefaultListableBeanFactory@49dc7102: defining beans [testJacksonUnitTest,xeMayControllerAPI,customFailureHandler,customSuccessHandler,modelMapperConfig,homeController,webController,xeMayController,sanPhamDaoImpl,org.springframework.context.annotation.internalConfigurationAnnotationProcessor,org.springframework.context.annotation.internalAutowiredAnnotationProcessor,org.springframework.context.annotation.internalRequiredAnnotationProcessor,org.springframework.context.annotation.internalCommonAnnotationProcessor,org.springframework.context.annotation.internalPersistenceAnnotationProcessor,org.springframework.context.event.internalEventListenerProcessor,org.springframework.context.event.internalEventListenerFactory,mvcContentNegotiationManager,org.springframework.web.servlet.mvc.method.annotation.RequestMappingHandlerMapping,mvcCorsConfigurations,org.springframework.format.support.FormattingConversionServiceFactoryBean#0,org.springframework.validation.beanvalidation.OptionalValidatorFactoryBean#0,org.springframework.web.servlet.mvc.method.annotation.RequestMappingHandlerAdapter,mvcUriComponentsContributor,org.springframework.web.servlet.handler.MappedInterceptor#0,org.springframework.web.servlet.mvc.method.annotation.ExceptionHandlerExceptionResolver#0,org.springframework.web.servlet.mvc.annotation.ResponseStatusExceptionResolver#0,org.springframework.web.servlet.mvc.support.DefaultHandlerExceptionResolver#0,org.springframework.web.servlet.handler.BeanNameUrlHandlerMapping,org.springframework.web.servlet.mvc.HttpRequestHandlerAdapter,org.springframework.web.servlet.mvc.SimpleControllerHandlerAdapter,mvcHandlerMappingIntrospector,org.springframework.context.support.PropertySourcesPlaceholderConfigurer#0,org.springframework.data.jpa.repository.config.JpaRepositoryConfigExtension#0,org.springframework.data.repository.core.support.RepositoryFactoryBeanSupport_Predictor,emBeanDefinitionRegistrarPostProcessor,jpaMappingContext,jpaContext,sanPhamRepository,entityManagerFactory,dataSource,transactionManager,modelMapper,org.springframework.orm.jpa.SharedEntityManagerCreator#0]; root of factory hierarchy
2021-09-28 13:45:47 DEBUG DisposableBeanAdapter:259 - Invoking destroy() on bean with name 'jpaMappingContext'
2021-09-28 13:45:47 DEBUG DefaultListableBeanFactory:568 - Retrieved dependent beans for bean 'org.springframework.validation.beanvalidation.OptionalValidatorFactoryBean#0': [(inner bean)#2330e3e0, (inner bean)#2330e3e0#1]
2021-09-28 13:45:47 DEBUG DefaultListableBeanFactory:568 - Retrieved dependent beans for bean '(inner bean)#2330e3e0': [org.springframework.web.servlet.mvc.method.annotation.RequestMappingHandlerAdapter]
2021-09-28 13:45:47 DEBUG DefaultListableBeanFactory:568 - Retrieved dependent beans for bean '(inner bean)#abff8b7': [org.springframework.web.servlet.mvc.method.annotation.RequestMappingHandlerAdapter]
2021-09-28 13:45:47 DEBUG DefaultListableBeanFactory:568 - Retrieved dependent beans for bean '(inner bean)#f08fdce': [(inner bean)#c2e3264]
2021-09-28 13:45:47 DEBUG DefaultListableBeanFactory:568 - Retrieved dependent beans for bean '(inner bean)#2330e3e0#1': [(inner bean)#29eda4f8]
2021-09-28 13:45:47 DEBUG DefaultListableBeanFactory:568 - Retrieved dependent beans for bean '(inner bean)#29eda4f8': [mvcUriComponentsContributor]
2021-09-28 13:45:47 DEBUG DefaultListableBeanFactory:568 - Retrieved dependent beans for bean '(inner bean)#abff8b7#1': [(inner bean)#29eda4f8]
2021-09-28 13:45:47 DEBUG DefaultListableBeanFactory:568 - Retrieved dependent beans for bean '(inner bean)#f08fdce#1': [(inner bean)#c2e3264#1]
2021-09-28 13:45:47 DEBUG DisposableBeanAdapter:259 - Invoking destroy() on bean with name 'org.springframework.validation.beanvalidation.OptionalValidatorFactoryBean#0'
2021-09-28 13:45:47 DEBUG DefaultListableBeanFactory:568 - Retrieved dependent beans for bean 'entityManagerFactory': [testJacksonUnitTest, sanPhamDaoImpl, org.springframework.orm.jpa.SharedEntityManagerCreator#0]
2021-09-28 13:45:47 DEBUG DefaultListableBeanFactory:568 - Retrieved dependent beans for bean 'sanPhamDaoImpl': [homeController]
2021-09-28 13:45:47 DEBUG DefaultListableBeanFactory:568 - Retrieved dependent beans for bean 'org.springframework.orm.jpa.SharedEntityManagerCreator#0': [jpaContext]
2021-09-28 13:45:47 DEBUG DisposableBeanAdapter:259 - Invoking destroy() on bean with name 'entityManagerFactory'
2021-09-28 13:45:47 INFO  LocalContainerEntityManagerFactoryBean:563 - Closing JPA EntityManagerFactory for persistence unit 'default'
2021-09-28 13:45:47 DEBUG SessionFactoryImpl:1339 - HHH000031: Closing
2021-09-28 13:45:47 DEBUG AbstractServiceRegistryImpl:406 - Implicitly destroying ServiceRegistry on de-registration of all child ServiceRegistries
2021-09-28 13:45:47 DEBUG BootstrapServiceRegistryImpl:308 - Implicitly destroying Boot-strap registry on de-registration of all child ServiceRegistries
2021-09-28 13:45:47 DEBUG EntityManagerFactoryRegistry:108 - Remove: name=default
2021-09-28 13:45:47 DEBUG DefaultListableBeanFactory:568 - Retrieved dependent beans for bean 'org.springframework.orm.jpa.vendor.HibernateJpaVendorAdapter#3246fb96': [entityManagerFactory]
2021-09-28 13:45:47 DEBUG DisposableBeanAdapter:337 - Invoking destroy method 'close' on bean with name 'dataSource'
2021-09-28 13:45:47 ERROR TestContextManager:234 - Caught exception while allowing TestExecutionListener [org.springframework.test.context.support.DependencyInjectionTestExecutionListener@bd8db5a] to prepare test instance [com.mycompany.springmvchibernate.JUnitTest.KhachHangRepositoryTest@cb51256]
java.lang.IllegalStateException: Failed to load ApplicationContext
	at org.springframework.test.context.cache.DefaultCacheAwareContextLoaderDelegate.loadContext(DefaultCacheAwareContextLoaderDelegate.java:124)
	at org.springframework.test.context.support.DefaultTestContext.getApplicationContext(DefaultTestContext.java:83)
	at org.springframework.test.context.support.DependencyInjectionTestExecutionListener.injectDependencies(DependencyInjectionTestExecutionListener.java:117)
	at org.springframework.test.context.support.DependencyInjectionTestExecutionListener.prepareTestInstance(DependencyInjectionTestExecutionListener.java:83)
	at org.springframework.test.context.TestContextManager.prepareTestInstance(TestContextManager.java:230)
	at org.springframework.test.context.junit4.SpringJUnit4ClassRunner.createTest(SpringJUnit4ClassRunner.java:228)
	at org.springframework.test.context.junit4.SpringJUnit4ClassRunner$1.runReflectiveCall(SpringJUnit4ClassRunner.java:287)
	at org.junit.internal.runners.model.ReflectiveCallable.run(ReflectiveCallable.java:12)
	at org.springframework.test.context.junit4.SpringJUnit4ClassRunner.methodBlock(SpringJUnit4ClassRunner.java:289)
	at org.springframework.test.context.junit4.SpringJUnit4ClassRunner.runChild(SpringJUnit4ClassRunner.java:247)
	at org.springframework.test.context.junit4.SpringJUnit4ClassRunner.runChild(SpringJUnit4ClassRunner.java:94)
	at org.junit.runners.ParentRunner$4.run(ParentRunner.java:331)
	at org.junit.runners.ParentRunner$1.schedule(ParentRunner.java:79)
	at org.junit.runners.ParentRunner.runChildren(ParentRunner.java:329)
	at org.junit.runners.ParentRunner.access$100(ParentRunner.java:66)
	at org.junit.runners.ParentRunner$2.evaluate(ParentRunner.java:293)
	at org.springframework.test.context.junit4.statements.RunBeforeTestClassCallbacks.evaluate(RunBeforeTestClassCallbacks.java:61)
	at org.springframework.test.context.junit4.statements.RunAfterTestClassCallbacks.evaluate(RunAfterTestClassCallbacks.java:70)
	at org.junit.runners.ParentRunner$3.evaluate(ParentRunner.java:306)
	at org.junit.runners.ParentRunner.run(ParentRunner.java:413)
	at org.springframework.test.context.junit4.SpringJUnit4ClassRunner.run(SpringJUnit4ClassRunner.java:191)
	at org.apache.maven.surefire.junit4.JUnit4Provider.execute(JUnit4Provider.java:264)
	at org.apache.maven.surefire.junit4.JUnit4Provider.executeTestSet(JUnit4Provider.java:153)
	at org.apache.maven.surefire.junit4.JUnit4Provider.invoke(JUnit4Provider.java:124)
	at org.apache.maven.surefire.booter.ForkedBooter.invokeProviderInSameClassLoader(ForkedBooter.java:200)
	at org.apache.maven.surefire.booter.ForkedBooter.runSuitesInProcess(ForkedBooter.java:153)
	at org.apache.maven.surefire.booter.ForkedBooter.main(ForkedBooter.java:103)
Caused by: org.springframework.beans.factory.BeanCreationException: Error creating bean with name 'sanPhamRepository': Invocation of init method failed; nested exception is java.lang.IllegalArgumentException: Not an managed type: class com.mycompany.springmvchibernate.Entity.SanPham
	at org.springframework.beans.factory.support.AbstractAutowireCapableBeanFactory.initializeBean(AbstractAutowireCapableBeanFactory.java:1628)
	at org.springframework.beans.factory.support.AbstractAutowireCapableBeanFactory.doCreateBean(AbstractAutowireCapableBeanFactory.java:555)
	at org.springframework.beans.factory.support.AbstractAutowireCapableBeanFactory.createBean(AbstractAutowireCapableBeanFactory.java:483)
	at org.springframework.beans.factory.support.AbstractBeanFactory$1.getObject(AbstractBeanFactory.java:306)
	at org.springframework.beans.factory.support.DefaultSingletonBeanRegistry.getSingleton(DefaultSingletonBeanRegistry.java:230)
	at org.springframework.beans.factory.support.AbstractBeanFactory.doGetBean(AbstractBeanFactory.java:302)
	at org.springframework.beans.factory.support.AbstractBeanFactory.getBean(AbstractBeanFactory.java:197)
	at org.springframework.beans.factory.support.DefaultListableBeanFactory.preInstantiateSingletons(DefaultListableBeanFactory.java:742)
	at org.springframework.context.support.AbstractApplicationContext.finishBeanFactoryInitialization(AbstractApplicationContext.java:867)
	at org.springframework.context.support.AbstractApplicationContext.refresh(AbstractApplicationContext.java:543)
	at org.springframework.test.context.support.AbstractGenericContextLoader.loadContext(AbstractGenericContextLoader.java:128)
	at org.springframework.test.context.support.AbstractGenericContextLoader.loadContext(AbstractGenericContextLoader.java:60)
	at org.springframework.test.context.support.AbstractDelegatingSmartContextLoader.delegateLoading(AbstractDelegatingSmartContextLoader.java:108)
	at org.springframework.test.context.support.AbstractDelegatingSmartContextLoader.loadContext(AbstractDelegatingSmartContextLoader.java:251)
	at org.springframework.test.context.cache.DefaultCacheAwareContextLoaderDelegate.loadContextInternal(DefaultCacheAwareContextLoaderDelegate.java:98)
	at org.springframework.test.context.cache.DefaultCacheAwareContextLoaderDelegate.loadContext(DefaultCacheAwareContextLoaderDelegate.java:116)
	... 26 more
Caused by: java.lang.IllegalArgumentException: Not an managed type: class com.mycompany.springmvchibernate.Entity.SanPham
	at org.hibernate.jpa.internal.metamodel.MetamodelImpl.managedType(MetamodelImpl.java:219)
	at org.springframework.data.jpa.repository.support.JpaMetamodelEntityInformation.<init>(JpaMetamodelEntityInformation.java:68)
	at org.springframework.data.jpa.repository.support.JpaEntityInformationSupport.getEntityInformation(JpaEntityInformationSupport.java:67)
	at org.springframework.data.jpa.repository.support.JpaRepositoryFactory.getEntityInformation(JpaRepositoryFactory.java:152)
	at org.springframework.data.jpa.repository.support.JpaRepositoryFactory.getTargetRepository(JpaRepositoryFactory.java:99)
	at org.springframework.data.jpa.repository.support.JpaRepositoryFactory.getTargetRepository(JpaRepositoryFactory.java:81)
	at org.springframework.data.repository.core.support.RepositoryFactorySupport.getRepository(RepositoryFactorySupport.java:199)
	at org.springframework.data.repository.core.support.RepositoryFactoryBeanSupport.initAndReturn(RepositoryFactoryBeanSupport.java:266)
	at org.springframework.data.repository.core.support.RepositoryFactoryBeanSupport.afterPropertiesSet(RepositoryFactoryBeanSupport.java:252)
	at org.springframework.data.jpa.repository.support.JpaRepositoryFactoryBean.afterPropertiesSet(JpaRepositoryFactoryBean.java:92)
	at org.springframework.beans.factory.support.AbstractAutowireCapableBeanFactory.invokeInitMethods(AbstractAutowireCapableBeanFactory.java:1687)
	at org.springframework.beans.factory.support.AbstractAutowireCapableBeanFactory.initializeBean(AbstractAutowireCapableBeanFactory.java:1624)
	... 41 more
]]></system-out>
  </testcase>
</testsuite>